::1 - - [03/Feb/2024:11:12:57 +0200] "GET / HTTP/1.1" 403 302
::1 - - [03/Feb/2024:11:12:57 +0200] "GET /favicon.ico HTTP/1.1" 403 302
::1 - - [03/Feb/2024:11:14:12 +0200] "GET / HTTP/1.1" 403 302
::1 - - [03/Feb/2024:11:14:13 +0200] "GET /favicon.ico HTTP/1.1" 403 302
::1 - - [03/Feb/2024:11:25:20 +0200] "GET / HTTP/1.1" 200 1793
::1 - - [03/Feb/2024:11:25:20 +0200] "GET /favicon.ico HTTP/1.1" 404 298
::1 - - [03/Feb/2024:11:26:04 +0200] "GET / HTTP/1.1" 200 1793
::1 - - [03/Feb/2024:14:38:52 +0200] "GET / HTTP/1.1" 200 2472
::1 - - [03/Feb/2024:14:38:53 +0200] "GET /favicon.ico HTTP/1.1" 404 298
::1 - - [03/Feb/2024:14:41:20 +0200] "GET / HTTP/1.1" 200 2860
::1 - - [03/Feb/2024:14:46:20 +0200] "-" 408 -
::1 - - [04/Feb/2024:10:40:23 +0200] "GET / HTTP/1.1" 200 2858
::1 - - [04/Feb/2024:10:40:24 +0200] "GET /favicon.ico HTTP/1.1" 404 298
::1 - - [04/Feb/2024:10:42:18 +0200] "GET / HTTP/1.1" 200 2868
::1 - - [04/Feb/2024:10:43:20 +0200] "GET / HTTP/1.1" 200 2867
::1 - - [04/Feb/2024:10:43:32 +0200] "GET /sass.html HTTP/1.1" 404 298
::1 - - [04/Feb/2024:10:47:06 +0200] "GET / HTTP/1.1" 200 2643
::1 - - [04/Feb/2024:10:49:28 +0200] "GET / HTTP/1.1" 200 2660
::1 - - [04/Feb/2024:10:50:05 +0200] "GET / HTTP/1.1" 200 2670
::1 - - [04/Feb/2024:10:50:24 +0200] "GET / HTTP/1.1" 200 2643
::1 - - [04/Feb/2024:10:55:24 +0200] "-" 408 -
::1 - - [04/Feb/2024:10:56:14 +0200] "GET / HTTP/1.1" 200 2862
::1 - - [04/Feb/2024:10:56:18 +0200] "GET / HTTP/1.1" 200 2862
::1 - - [04/Feb/2024:10:57:11 +0200] "GET / HTTP/1.1" 200 2855
::1 - - [04/Feb/2024:10:57:13 +0200] "GET / HTTP/1.1" 200 2855
::1 - - [04/Feb/2024:10:57:40 +0200] "GET / HTTP/1.1" 200 2862
::1 - - [04/Feb/2024:10:59:07 +0200] "GET / HTTP/1.1" 200 2869
::1 - - [04/Feb/2024:10:59:41 +0200] "GET / HTTP/1.1" 200 2867
::1 - - [04/Feb/2024:10:59:43 +0200] "GET / HTTP/1.1" 200 2867
::1 - - [04/Feb/2024:10:59:53 +0200] "GET / HTTP/1.1" 200 2862
::1 - - [04/Feb/2024:11:00:10 +0200] "GET / HTTP/1.1" 200 2867
::1 - - [04/Feb/2024:11:00:54 +0200] "GET / HTTP/1.1" 200 2864
::1 - - [04/Feb/2024:11:01:16 +0200] "GET /basics.php HTTP/1.1" 404 298
::1 - - [04/Feb/2024:11:02:42 +0200] "GET / HTTP/1.1" 200 2862
::1 - - [04/Feb/2024:11:03:39 +0200] "GET / HTTP/1.1" 200 2870
::1 - - [04/Feb/2024:11:03:41 +0200] "GET / HTTP/1.1" 200 2870
::1 - - [04/Feb/2024:11:04:14 +0200] "GET / HTTP/1.1" 200 2878
::1 - - [04/Feb/2024:11:04:15 +0200] "GET / HTTP/1.1" 200 2878
::1 - - [04/Feb/2024:11:04:16 +0200] "GET / HTTP/1.1" 200 2878
::1 - - [04/Feb/2024:11:05:24 +0200] "GET / HTTP/1.1" 200 2864
::1 - - [04/Feb/2024:11:10:24 +0200] "-" 408 -
::1 - - [04/Feb/2024:11:10:57 +0200] "GET / HTTP/1.1" 200 2864
::1 - - [04/Feb/2024:11:10:59 +0200] "GET /basics.php HTTP/1.1" 200 1912
::1 - - [04/Feb/2024:11:12:17 +0200] "GET /basics.php HTTP/1.1" 200 1912
::1 - - [04/Feb/2024:11:17:17 +0200] "-" 408 -
::1 - - [04/Feb/2024:11:25:42 +0200] "GET / HTTP/1.1" 200 2864
::1 - - [04/Feb/2024:11:25:43 +0200] "GET /basics.php HTTP/1.1" 200 2096
::1 - - [04/Feb/2024:11:30:42 +0200] "-" 408 -
::1 - - [04/Feb/2024:11:34:42 +0200] "GET / HTTP/1.1" 200 2864
::1 - - [04/Feb/2024:11:34:43 +0200] "GET /basics.php HTTP/1.1" 200 2096
::1 - - [04/Feb/2024:11:34:45 +0200] "GET /basics.php HTTP/1.1" 200 2096
::1 - - [04/Feb/2024:11:34:51 +0200] "GET /badges.html HTTP/1.1" 404 298
::1 - - [04/Feb/2024:11:34:54 +0200] "GET /collapsible.html HTTP/1.1" 404 298
::1 - - [04/Feb/2024:11:36:02 +0200] "GET / HTTP/1.1" 200 2856
::1 - - [04/Feb/2024:11:36:03 +0200] "GET /basics.php HTTP/1.1" 200 2449
::1 - - [04/Feb/2024:11:41:02 +0200] "-" 408 -
::1 - - [04/Feb/2024:12:13:55 +0200] "GET / HTTP/1.1" 200 -
::1 - - [04/Feb/2024:12:14:33 +0200] "GET / HTTP/1.1" 200 20
::1 - - [04/Feb/2024:12:14:36 +0200] "GET / HTTP/1.1" 200 20
::1 - - [04/Feb/2024:12:19:07 +0200] "-" 408 -
::1 - - [04/Feb/2024:12:41:25 +0200] "GET / HTTP/1.1" 200 20
::1 - - [04/Feb/2024:12:41:26 +0200] "GET / HTTP/1.1" 200 20
::1 - - [04/Feb/2024:12:41:37 +0200] "GET / HTTP/1.1" 200 3122
::1 - - [04/Feb/2024:12:46:37 +0200] "-" 408 -
::1 - - [04/Feb/2024:12:46:37 +0200] "GET / HTTP/1.1" 200 1
::1 - - [04/Feb/2024:12:47:52 +0200] "GET / HTTP/1.1" 200 3122
::1 - - [04/Feb/2024:12:49:45 +0200] "GET /hello?x=10 HTTP/1.1" 200 3139
::1 - - [04/Feb/2024:12:51:18 +0200] "GET /hello?x=10 HTTP/1.1" 200 11
::1 - - [04/Feb/2024:12:51:40 +0200] "GET /%D0%B2%D0%B0%D0%B9%20%D0%B2%D0%B0%D0%B9%20%D0%B2%D0%B0%D0%B9 HTTP/1.1" 200 61
::1 - - [04/Feb/2024:12:52:21 +0200] "GET /nfrt%20rstyh%20rtsy HTTP/1.1" 200 20
::1 - - [04/Feb/2024:12:52:31 +0200] "GET /nfrt%20rstyh%20rtsy HTTP/1.1" 200 20
::1 - - [04/Feb/2024:12:52:37 +0200] "GET / HTTP/1.1" 200 1
::1 - - [04/Feb/2024:12:57:37 +0200] "-" 408 -
::1 - - [04/Feb/2024:12:58:05 +0200] "GET /hello?x=10 HTTP/1.1" 200 6
::1 - - [04/Feb/2024:12:58:23 +0200] "GET /hellox=10 HTTP/1.1" 200 10
::1 - - [04/Feb/2024:13:03:23 +0200] "-" 408 -
::1 - - [04/Feb/2024:13:08:28 +0200] "GET /hellox=10 HTTP/1.1" 200 20
::1 - - [04/Feb/2024:13:08:47 +0200] "GET /hello?x=10 HTTP/1.1" 200 16
::1 - - [04/Feb/2024:13:08:54 +0200] "GET / HTTP/1.1" 200 11
::1 - - [04/Feb/2024:13:10:23 +0200] "GET /basics HTTP/1.1" 200 17
::1 - - [04/Feb/2024:13:11:33 +0200] "GET /basics HTTP/1.1" 200 17
::1 - - [04/Feb/2024:13:12:16 +0200] "GET /basics HTTP/1.1" 200 17
::1 - - [04/Feb/2024:13:12:17 +0200] "GET /basics HTTP/1.1" 200 17
::1 - - [04/Feb/2024:13:15:31 +0200] "GET / HTTP/1.1" 200 11
::1 - - [04/Feb/2024:13:15:44 +0200] "GET / HTTP/1.1" 200 11
::1 - - [04/Feb/2024:13:15:56 +0200] "GET / HTTP/1.1" 200 11
::1 - - [04/Feb/2024:13:15:56 +0200] "GET / HTTP/1.1" 200 11
::1 - - [04/Feb/2024:13:15:57 +0200] "GET / HTTP/1.1" 200 11
::1 - - [04/Feb/2024:13:20:56 +0200] "-" 408 -
::1 - - [04/Feb/2024:13:31:53 +0200] "GET / HTTP/1.1" 200 2876
::1 - - [04/Feb/2024:13:32:07 +0200] "GET /basics.php HTTP/1.1" 200 21
::1 - - [04/Feb/2024:13:32:26 +0200] "GET /basics HTTP/1.1" 200 2449
::1 - - [04/Feb/2024:14:08:03 +0200] "GET /basics HTTP/1.1" 200 3161
::1 - - [04/Feb/2024:14:08:05 +0200] "GET /basics.php HTTP/1.1" 200 21
::1 - - [04/Feb/2024:14:13:03 +0200] "-" 408 -
::1 - - [04/Feb/2024:14:19:24 +0200] "GET /basics HTTP/1.1" 200 3161
::1 - - [04/Feb/2024:14:19:25 +0200] "GET /basics HTTP/1.1" 200 3161
::1 - - [04/Feb/2024:14:19:26 +0200] "GET /basics.php HTTP/1.1" 200 21
::1 - - [04/Feb/2024:14:20:06 +0200] "GET /basics HTTP/1.1" 200 3177
::1 - - [04/Feb/2024:14:20:09 +0200] "GET /basics HTTP/1.1" 200 3177
::1 - - [04/Feb/2024:14:20:10 +0200] "GET /layout HTTP/1.1" 200 1960
::1 - - [04/Feb/2024:14:20:12 +0200] "GET / HTTP/1.1" 200 2887
::1 - - [04/Feb/2024:14:20:14 +0200] "GET /basics HTTP/1.1" 200 3177
::1 - - [04/Feb/2024:14:20:18 +0200] "GET /layout HTTP/1.1" 200 1960
::1 - - [04/Feb/2024:14:20:20 +0200] "GET / HTTP/1.1" 200 2887
::1 - - [04/Feb/2024:14:20:21 +0200] "GET /basics HTTP/1.1" 200 3177
::1 - - [04/Feb/2024:14:21:02 +0200] "GET / HTTP/1.1" 200 2887
::1 - - [04/Feb/2024:14:21:03 +0200] "GET /basics HTTP/1.1" 200 3177
::1 - - [04/Feb/2024:14:21:05 +0200] "GET /layout HTTP/1.1" 200 1960
::1 - - [04/Feb/2024:14:21:09 +0200] "GET / HTTP/1.1" 200 2887
::1 - - [04/Feb/2024:14:21:14 +0200] "GET /collapsible.html HTTP/1.1" 200 27
::1 - - [04/Feb/2024:14:26:02 +0200] "-" 408 -
::1 - - [04/Feb/2024:14:29:23 +0200] "GET / HTTP/1.1" 200 2868
::1 - - [04/Feb/2024:14:29:25 +0200] "GET / HTTP/1.1" 200 2868
::1 - - [04/Feb/2024:14:29:26 +0200] "GET /basics HTTP/1.1" 200 3172
::1 - - [04/Feb/2024:14:29:28 +0200] "GET /layout HTTP/1.1" 200 1955
::1 - - [04/Feb/2024:14:29:29 +0200] "GET / HTTP/1.1" 200 2868
::1 - - [04/Feb/2024:14:29:32 +0200] "GET / HTTP/1.1" 200 2868
::1 - - [04/Feb/2024:14:29:33 +0200] "GET /layout HTTP/1.1" 200 1955
::1 - - [04/Feb/2024:14:29:34 +0200] "GET /layout HTTP/1.1" 200 1955
::1 - - [04/Feb/2024:14:29:35 +0200] "GET /layout HTTP/1.1" 200 1955
::1 - - [04/Feb/2024:14:29:36 +0200] "GET /layout HTTP/1.1" 200 1955
::1 - - [04/Feb/2024:14:29:37 +0200] "GET /layout HTTP/1.1" 200 1955
::1 - - [04/Feb/2024:14:29:37 +0200] "GET /layout HTTP/1.1" 200 1955
::1 - - [04/Feb/2024:14:29:39 +0200] "GET /basics HTTP/1.1" 200 3172
::1 - - [04/Feb/2024:14:29:42 +0200] "GET /layout HTTP/1.1" 200 1955
::1 - - [04/Feb/2024:14:29:43 +0200] "GET / HTTP/1.1" 200 2868
::1 - - [04/Feb/2024:14:34:02 +0200] "GET /layout HTTP/1.1" 200 1955
::1 - - [04/Feb/2024:14:34:03 +0200] "GET /basics HTTP/1.1" 200 3172
::1 - - [04/Feb/2024:14:39:00 +0200] "GET /phpmyadmin/ HTTP/1.1" 200 17673
::1 - - [04/Feb/2024:14:39:06 +0200] "GET /phpmyadmin/themes/pmahomme/jquery/jquery-ui.css HTTP/1.1" 200 36566
::1 - - [04/Feb/2024:14:39:06 +0200] "GET /phpmyadmin/js/vendor/codemirror/lib/codemirror.css?v=5.2.1 HTTP/1.1" 200 8720
::1 - - [04/Feb/2024:14:39:06 +0200] "GET /phpmyadmin/js/vendor/codemirror/addon/hint/show-hint.css?v=5.2.1 HTTP/1.1" 200 649
::1 - - [04/Feb/2024:14:39:06 +0200] "GET /phpmyadmin/themes/pmahomme/css/theme.css?v=5.2.1 HTTP/1.1" 200 357367
::1 - - [04/Feb/2024:14:39:06 +0200] "GET /phpmyadmin/js/vendor/sprintf.js?v=5.2.1 HTTP/1.1" 200 7409
::1 - - [04/Feb/2024:14:39:06 +0200] "GET /phpmyadmin/js/vendor/codemirror/addon/lint/lint.css?v=5.2.1 HTTP/1.1" 200 3035
::1 - - [04/Feb/2024:14:39:06 +0200] "GET /phpmyadmin/js/vendor/jquery/jquery-migrate.min.js?v=5.2.1 HTTP/1.1" 200 13467
::1 - - [04/Feb/2024:14:39:06 +0200] "GET /phpmyadmin/js/dist/keyhandler.js?v=5.2.1 HTTP/1.1" 200 2059
::1 - - [04/Feb/2024:14:39:06 +0200] "GET /phpmyadmin/js/dist/ajax.js?v=5.2.1 HTTP/1.1" 200 29948
::1 - - [04/Feb/2024:14:39:06 +0200] "GET /phpmyadmin/js/dist/name-conflict-fixes.js?v=5.2.1 HTTP/1.1" 200 43
::1 - - [04/Feb/2024:14:39:06 +0200] "GET /phpmyadmin/js/vendor/js.cookie.js?v=5.2.1 HTTP/1.1" 200 3883
::1 - - [04/Feb/2024:14:39:06 +0200] "GET /phpmyadmin/js/vendor/bootstrap/bootstrap.bundle.min.js?v=5.2.1 HTTP/1.1" 200 80420
::1 - - [04/Feb/2024:14:39:06 +0200] "GET /phpmyadmin/js/vendor/jquery/jquery.validate.min.js?v=5.2.1 HTTP/1.1" 200 24601
::1 - - [04/Feb/2024:14:39:06 +0200] "GET /phpmyadmin/js/vendor/jquery/jquery-ui-timepicker-addon.js?v=5.2.1 HTTP/1.1" 200 78475
::1 - - [04/Feb/2024:14:39:06 +0200] "GET /phpmyadmin/js/vendor/jquery/jquery.min.js?v=5.2.1 HTTP/1.1" 200 89947
::1 - - [04/Feb/2024:14:39:06 +0200] "GET /phpmyadmin/js/vendor/jquery/jquery.debounce-1.0.6.js?v=5.2.1 HTTP/1.1" 200 1608
::1 - - [04/Feb/2024:14:39:06 +0200] "GET /phpmyadmin/js/dist/cross_framing_protection.js?v=5.2.1 HTTP/1.1" 200 405
::1 - - [04/Feb/2024:14:39:06 +0200] "GET /phpmyadmin/js/dist/menu_resizer.js?v=5.2.1 HTTP/1.1" 200 5729
::1 - - [04/Feb/2024:14:39:06 +0200] "GET /phpmyadmin/js/dist/doclinks.js?v=5.2.1 HTTP/1.1" 200 18276
::1 - - [04/Feb/2024:14:39:06 +0200] "GET /phpmyadmin/js/dist/config.js?v=5.2.1 HTTP/1.1" 200 24059
::1 - - [04/Feb/2024:14:39:06 +0200] "GET /phpmyadmin/js/dist/navigation.js?v=5.2.1 HTTP/1.1" 200 51830
::1 - - [04/Feb/2024:14:39:06 +0200] "GET /phpmyadmin/js/dist/common.js?v=5.2.1 HTTP/1.1" 200 4530
::1 - - [04/Feb/2024:14:39:06 +0200] "GET /phpmyadmin/js/dist/indexes.js?v=5.2.1 HTTP/1.1" 200 26962
::1 - - [04/Feb/2024:14:39:06 +0200] "GET /phpmyadmin/js/dist/functions.js?v=5.2.1 HTTP/1.1" 200 148069
::1 - - [04/Feb/2024:14:39:06 +0200] "GET /phpmyadmin/js/vendor/jquery/jquery-ui.min.js?v=5.2.1 HTTP/1.1" 200 255084
::1 - - [04/Feb/2024:14:39:06 +0200] "GET /phpmyadmin/js/dist/page_settings.js?v=5.2.1 HTTP/1.1" 200 1818
::1 - - [04/Feb/2024:14:39:06 +0200] "GET /phpmyadmin/js/dist/home.js?v=5.2.1 HTTP/1.1" 200 5275
::1 - - [04/Feb/2024:14:39:06 +0200] "GET /phpmyadmin/js/vendor/codemirror/addon/runmode/runmode.js?v=5.2.1 HTTP/1.1" 200 2777
::1 - - [04/Feb/2024:14:39:06 +0200] "GET /phpmyadmin/js/vendor/codemirror/mode/sql/sql.js?v=5.2.1 HTTP/1.1" 200 59564
::1 - - [04/Feb/2024:14:39:06 +0200] "GET /phpmyadmin/js/vendor/codemirror/addon/hint/show-hint.js?v=5.2.1 HTTP/1.1" 200 19792
::1 - - [04/Feb/2024:14:39:06 +0200] "GET /phpmyadmin/js/vendor/codemirror/addon/hint/sql-hint.js?v=5.2.1 HTTP/1.1" 200 9560
::1 - - [04/Feb/2024:14:39:06 +0200] "GET /phpmyadmin/js/dist/codemirror/addon/lint/sql-lint.js?v=5.2.1 HTTP/1.1" 200 940
::1 - - [04/Feb/2024:14:39:06 +0200] "GET /phpmyadmin/js/vendor/codemirror/addon/lint/lint.js?v=5.2.1 HTTP/1.1" 200 9987
::1 - - [04/Feb/2024:14:39:06 +0200] "GET /phpmyadmin/js/vendor/tracekit.js?v=5.2.1 HTTP/1.1" 200 47128
::1 - - [04/Feb/2024:14:39:06 +0200] "GET /phpmyadmin/js/dist/error_report.js?v=5.2.1 HTTP/1.1" 200 9264
::1 - - [04/Feb/2024:14:39:06 +0200] "GET /phpmyadmin/js/dist/drag_drop_import.js?v=5.2.1 HTTP/1.1" 200 12431
::1 - - [04/Feb/2024:14:39:06 +0200] "GET /phpmyadmin/themes/pmahomme/img/logo_left.png HTTP/1.1" 200 2713
::1 - - [04/Feb/2024:14:39:06 +0200] "GET /phpmyadmin/js/dist/shortcuts_handler.js?v=5.2.1 HTTP/1.1" 200 3303
::1 - - [04/Feb/2024:14:39:06 +0200] "GET /phpmyadmin/themes/dot.gif HTTP/1.1" 200 43
::1 - - [04/Feb/2024:14:39:06 +0200] "GET /phpmyadmin/js/dist/console.js?v=5.2.1 HTTP/1.1" 200 49548
::1 - - [04/Feb/2024:14:39:06 +0200] "GET /phpmyadmin/js/vendor/codemirror/lib/codemirror.js?v=5.2.1 HTTP/1.1" 200 401653
::1 - - [04/Feb/2024:14:39:06 +0200] "GET /phpmyadmin/js/messages.php?l=it&v=5.2.1&lang=it HTTP/1.1" 200 9041
::1 - - [04/Feb/2024:14:39:06 +0200] "GET /phpmyadmin/themes/pmahomme/img/s_cog.png HTTP/1.1" 200 442
::1 - - [04/Feb/2024:14:39:06 +0200] "GET /phpmyadmin/themes/pmahomme/img/s_reload.png HTTP/1.1" 200 527
::1 - - [04/Feb/2024:14:39:06 +0200] "GET /phpmyadmin/themes/pmahomme/img/b_sqlhelp.png HTTP/1.1" 200 512
::1 - - [04/Feb/2024:14:39:06 +0200] "GET /phpmyadmin/themes/pmahomme/img/b_home.png HTTP/1.1" 200 734
::1 - - [04/Feb/2024:14:39:06 +0200] "GET /phpmyadmin/themes/pmahomme/img/s_loggoff.png HTTP/1.1" 200 626
::1 - - [04/Feb/2024:14:39:06 +0200] "GET /phpmyadmin/themes/pmahomme/img/b_docs.png HTTP/1.1" 200 705
::1 - - [04/Feb/2024:14:39:06 +0200] "GET /phpmyadmin/themes/pmahomme/img/s_db.png HTTP/1.1" 200 328
::1 - - [04/Feb/2024:14:39:06 +0200] "GET /phpmyadmin/themes/pmahomme/img/s_collapseall.png HTTP/1.1" 200 143
::1 - - [04/Feb/2024:14:39:06 +0200] "GET /phpmyadmin/themes/pmahomme/img/b_newdb.png HTTP/1.1" 200 585
::1 - - [04/Feb/2024:14:39:06 +0200] "GET /phpmyadmin/themes/pmahomme/img/s_link.png HTTP/1.1" 200 280
::1 - - [04/Feb/2024:14:39:06 +0200] "GET /phpmyadmin/themes/pmahomme/img/b_plus.png HTTP/1.1" 200 143
::1 - - [04/Feb/2024:14:39:06 +0200] "GET /phpmyadmin/themes/pmahomme/img/s_host.png HTTP/1.1" 200 591
::1 - - [04/Feb/2024:14:39:06 +0200] "GET /phpmyadmin/themes/pmahomme/img/b_sql.png HTTP/1.1" 200 680
::1 - - [04/Feb/2024:14:39:06 +0200] "GET /phpmyadmin/themes/pmahomme/img/s_status.png HTTP/1.1" 200 600
::1 - - [04/Feb/2024:14:39:06 +0200] "GET /phpmyadmin/themes/pmahomme/img/b_export.png HTTP/1.1" 200 514
::1 - - [04/Feb/2024:14:39:06 +0200] "GET /phpmyadmin/themes/pmahomme/img/s_rights.png HTTP/1.1" 200 461
::1 - - [04/Feb/2024:14:39:06 +0200] "GET /phpmyadmin/themes/pmahomme/img/b_import.png HTTP/1.1" 200 556
::1 - - [04/Feb/2024:14:39:06 +0200] "GET /phpmyadmin/themes/pmahomme/img/b_tblops.png HTTP/1.1" 200 537
::1 - - [04/Feb/2024:14:39:06 +0200] "GET /phpmyadmin/themes/pmahomme/img/s_replication.png HTTP/1.1" 200 399
::1 - - [04/Feb/2024:14:39:06 +0200] "GET /phpmyadmin/themes/pmahomme/img/s_vars.png HTTP/1.1" 200 523
::1 - - [04/Feb/2024:14:39:06 +0200] "GET /phpmyadmin/themes/pmahomme/img/b_help.png HTTP/1.1" 200 705
::1 - - [04/Feb/2024:14:39:06 +0200] "GET /phpmyadmin/themes/pmahomme/img/b_plugin.png HTTP/1.1" 200 512
::1 - - [04/Feb/2024:14:39:06 +0200] "GET /phpmyadmin/themes/pmahomme/img/s_asci.png HTTP/1.1" 200 148
::1 - - [04/Feb/2024:14:39:06 +0200] "GET /phpmyadmin/themes/pmahomme/img/s_top.png HTTP/1.1" 200 220
::1 - - [04/Feb/2024:14:39:06 +0200] "GET /phpmyadmin/themes/pmahomme/img/console.png HTTP/1.1" 200 292
::1 - - [04/Feb/2024:14:39:06 +0200] "GET /phpmyadmin/themes/pmahomme/img/b_engine.png HTTP/1.1" 200 398
::1 - - [04/Feb/2024:14:39:06 +0200] "GET /phpmyadmin/themes/pmahomme/img/s_lang.png HTTP/1.1" 200 659
::1 - - [04/Feb/2024:14:39:06 +0200] "GET /phpmyadmin/themes/pmahomme/img/s_theme.png HTTP/1.1" 200 772
::1 - - [04/Feb/2024:14:39:06 +0200] "GET /phpmyadmin/themes/pmahomme/img/window-new.png HTTP/1.1" 200 468
::1 - - [04/Feb/2024:14:39:06 +0200] "GET /phpmyadmin/themes/pmahomme/img/b_more.png HTTP/1.1" 200 111
::1 - - [04/Feb/2024:14:39:06 +0200] "POST /phpmyadmin/index.php?route=/config/get HTTP/1.1" 200 1589
::1 - - [04/Feb/2024:14:39:06 +0200] "POST /phpmyadmin/index.php?route=/config/get HTTP/1.1" 200 1497
::1 - - [04/Feb/2024:14:39:06 +0200] "GET /phpmyadmin/favicon.ico HTTP/1.1" 200 22486
::1 - - [04/Feb/2024:14:39:06 +0200] "POST /phpmyadmin/index.php?route=/navigation&ajax_request=1 HTTP/1.1" 200 2251
::1 - - [04/Feb/2024:14:39:06 +0200] "POST /phpmyadmin/index.php?route=/version-check HTTP/1.1" 200 64
::1 - - [04/Feb/2024:14:39:06 +0200] "POST /phpmyadmin/index.php?route=/database/structure/favorite-table&ajax_request=1&favorite_table=1&sync_favorite_tables=1&lang=it HTTP/1.1" 200 161
::1 - - [04/Feb/2024:14:39:06 +0200] "POST /phpmyadmin/index.php?route=/config/set HTTP/1.1" 200 1489
::1 - - [06/Feb/2024:20:47:42 +0200] "-" 408 -
::1 - - [06/Feb/2024:21:16:24 +0200] "-" 408 -
::1 - - [06/Feb/2024:21:37:56 +0200] "-" 408 -
::1 - - [06/Feb/2024:21:48:00 +0200] "-" 408 -
::1 - - [07/Feb/2024:20:25:08 +0200] "-" 408 -
::1 - - [07/Feb/2024:20:41:07 +0200] "-" 408 -
::1 - - [07/Feb/2024:21:01:53 +0200] "-" 408 -
::1 - - [07/Feb/2024:21:23:52 +0200] "-" 408 -
::1 - - [07/Feb/2024:21:29:37 +0200] "-" 408 -
::1 - - [07/Feb/2024:22:13:13 +0200] "-" 408 -
::1 - - [07/Feb/2024:22:32:10 +0200] "-" 408 -
::1 - - [07/Feb/2024:23:08:21 +0200] "-" 408 -
::1 - - [08/Feb/2024:20:30:08 +0200] "-" 408 -
::1 - - [08/Feb/2024:21:00:04 +0200] "-" 408 -
::1 - - [08/Feb/2024:22:43:03 +0200] "-" 408 -
::1 - - [08/Feb/2024:23:02:09 +0200] "-" 408 -
::1 - - [08/Feb/2024:23:21:52 +0200] "-" 408 -
::1 - - [09/Feb/2024:18:48:52 +0200] "-" 408 -
::1 - - [09/Feb/2024:18:57:10 +0200] "-" 408 -
::1 - - [09/Feb/2024:19:24:28 +0200] "-" 408 -
::1 - - [09/Feb/2024:19:36:20 +0200] "-" 408 -
::1 - - [09/Feb/2024:19:55:28 +0200] "-" 408 -
::1 - - [10/Feb/2024:14:03:12 +0200] "GET / HTTP/1.1" 200 175
::1 - - [10/Feb/2024:14:03:13 +0200] "GET / HTTP/1.1" 200 175
::1 - - [10/Feb/2024:14:03:14 +0200] "GET /favicon.ico HTTP/1.1" 200 175
::1 - - [10/Feb/2024:14:03:48 +0200] "GET / HTTP/1.1" 200 175
::1 - - [10/Feb/2024:14:03:48 +0200] "GET /favicon.ico HTTP/1.1" 200 175
::1 - - [10/Feb/2024:14:03:49 +0200] "GET / HTTP/1.1" 200 175
::1 - - [10/Feb/2024:14:03:49 +0200] "GET /favicon.ico HTTP/1.1" 200 175
::1 - - [10/Feb/2024:14:03:51 +0200] "GET / HTTP/1.1" 200 175
::1 - - [10/Feb/2024:14:03:51 +0200] "GET /favicon.ico HTTP/1.1" 200 175
::1 - - [10/Feb/2024:14:03:58 +0200] "GET / HTTP/1.1" 200 3015
::1 - - [10/Feb/2024:14:03:58 +0200] "GET /site.css HTTP/1.1" 200 3015
::1 - - [10/Feb/2024:14:03:58 +0200] "GET /img/php.png HTTP/1.1" 200 3015
::1 - - [10/Feb/2024:14:03:58 +0200] "GET /js/site.js HTTP/1.1" 200 3015
::1 - - [10/Feb/2024:14:03:59 +0200] "GET /favicon.ico HTTP/1.1" 200 3015
::1 - - [10/Feb/2024:14:04:04 +0200] "GET / HTTP/1.1" 200 3015
::1 - - [10/Feb/2024:14:04:04 +0200] "GET /img/php.png HTTP/1.1" 200 3015
::1 - - [10/Feb/2024:14:04:04 +0200] "GET /site.css HTTP/1.1" 200 3015
::1 - - [10/Feb/2024:14:04:04 +0200] "GET /js/site.js HTTP/1.1" 200 3015
::1 - - [10/Feb/2024:14:04:04 +0200] "GET /favicon.ico HTTP/1.1" 200 3015
::1 - - [10/Feb/2024:14:06:57 +0200] "GET / HTTP/1.1" 200 3015
::1 - - [10/Feb/2024:14:06:57 +0200] "GET /site.css HTTP/1.1" 200 3015
::1 - - [10/Feb/2024:14:06:57 +0200] "GET /img/php.png HTTP/1.1" 200 3015
::1 - - [10/Feb/2024:14:06:57 +0200] "GET /js/site.js HTTP/1.1" 200 3015
::1 - - [10/Feb/2024:14:06:57 +0200] "GET /favicon.ico HTTP/1.1" 200 3015
::1 - - [10/Feb/2024:14:06:58 +0200] "GET / HTTP/1.1" 200 3015
::1 - - [10/Feb/2024:14:06:58 +0200] "GET /site.css HTTP/1.1" 200 3015
::1 - - [10/Feb/2024:14:06:58 +0200] "GET /img/php.png HTTP/1.1" 200 3015
::1 - - [10/Feb/2024:14:06:58 +0200] "GET /js/site.js HTTP/1.1" 200 3015
::1 - - [10/Feb/2024:14:06:58 +0200] "GET /favicon.ico HTTP/1.1" 200 3015
::1 - - [10/Feb/2024:14:12:53 +0200] "GET / HTTP/1.1" 200 3015
::1 - - [10/Feb/2024:14:12:53 +0200] "GET /site.css HTTP/1.1" 200 3015
::1 - - [10/Feb/2024:14:12:53 +0200] "GET /img/php.png HTTP/1.1" 200 3015
::1 - - [10/Feb/2024:14:12:53 +0200] "GET /js/site.js HTTP/1.1" 200 3015
::1 - - [10/Feb/2024:14:12:53 +0200] "GET /favicon.ico HTTP/1.1" 200 3015
::1 - - [10/Feb/2024:14:13:06 +0200] "GET /site.css HTTP/1.1" 200 3015
::1 - - [10/Feb/2024:14:44:15 +0200] "GET / HTTP/1.1" 200 3017
::1 - - [10/Feb/2024:14:44:15 +0200] "GET /site.css HTTP/1.1" 200 3017
::1 - - [10/Feb/2024:14:44:15 +0200] "GET /image/php.png HTTP/1.1" 200 3017
::1 - - [10/Feb/2024:14:44:15 +0200] "GET /js/site.js HTTP/1.1" 200 3017
::1 - - [10/Feb/2024:14:44:15 +0200] "GET /favicon.ico HTTP/1.1" 200 3017
::1 - - [10/Feb/2024:14:44:16 +0200] "GET / HTTP/1.1" 200 3017
::1 - - [10/Feb/2024:14:44:16 +0200] "GET /js/site.js HTTP/1.1" 200 3017
::1 - - [10/Feb/2024:14:44:16 +0200] "GET /image/php.png HTTP/1.1" 200 3017
::1 - - [10/Feb/2024:14:44:16 +0200] "GET /site.css HTTP/1.1" 200 3017
::1 - - [10/Feb/2024:14:44:16 +0200] "GET /favicon.ico HTTP/1.1" 200 3017
::1 - - [10/Feb/2024:14:44:17 +0200] "GET / HTTP/1.1" 200 3017
::1 - - [10/Feb/2024:14:44:17 +0200] "GET /site.css HTTP/1.1" 200 3017
::1 - - [10/Feb/2024:14:44:17 +0200] "GET /image/php.png HTTP/1.1" 200 3017
::1 - - [10/Feb/2024:14:44:17 +0200] "GET /js/site.js HTTP/1.1" 200 3017
::1 - - [10/Feb/2024:14:44:17 +0200] "GET /favicon.ico HTTP/1.1" 200 3017
::1 - - [10/Feb/2024:14:45:19 +0200] "GET / HTTP/1.1" 200 3015
::1 - - [10/Feb/2024:14:45:19 +0200] "GET /site.css HTTP/1.1" 200 3015
::1 - - [10/Feb/2024:14:45:19 +0200] "GET /js/site.js HTTP/1.1" 200 3015
::1 - - [10/Feb/2024:14:45:19 +0200] "GET /img/php.png HTTP/1.1" 200 3015
::1 - - [10/Feb/2024:14:45:19 +0200] "GET /favicon.ico HTTP/1.1" 200 3015
::1 - - [10/Feb/2024:14:45:20 +0200] "GET / HTTP/1.1" 200 3015
::1 - - [10/Feb/2024:14:45:20 +0200] "GET /site.css HTTP/1.1" 200 3015
::1 - - [10/Feb/2024:14:45:20 +0200] "GET /js/site.js HTTP/1.1" 200 3015
::1 - - [10/Feb/2024:14:45:20 +0200] "GET /img/php.png HTTP/1.1" 200 3015
::1 - - [10/Feb/2024:14:45:20 +0200] "GET /favicon.ico HTTP/1.1" 200 3015
::1 - - [10/Feb/2024:14:45:21 +0200] "GET /layout HTTP/1.1" 200 3015
::1 - - [10/Feb/2024:14:45:21 +0200] "GET /img/php.png HTTP/1.1" 200 3015
::1 - - [10/Feb/2024:14:45:21 +0200] "GET /js/site.js HTTP/1.1" 200 3015
::1 - - [10/Feb/2024:14:45:21 +0200] "GET /site.css HTTP/1.1" 200 3015
::1 - - [10/Feb/2024:14:45:21 +0200] "GET /favicon.ico HTTP/1.1" 200 3015
::1 - - [10/Feb/2024:14:45:22 +0200] "GET /basics HTTP/1.1" 200 3015
::1 - - [10/Feb/2024:14:45:22 +0200] "GET /img/php.png HTTP/1.1" 200 3015
::1 - - [10/Feb/2024:14:45:22 +0200] "GET /site.css HTTP/1.1" 200 3015
::1 - - [10/Feb/2024:14:45:22 +0200] "GET /js/site.js HTTP/1.1" 200 3015
::1 - - [10/Feb/2024:14:45:22 +0200] "GET /favicon.ico HTTP/1.1" 200 3015
::1 - - [10/Feb/2024:14:45:23 +0200] "GET /layout HTTP/1.1" 200 3015
::1 - - [10/Feb/2024:14:45:23 +0200] "GET /img/php.png HTTP/1.1" 200 3015
::1 - - [10/Feb/2024:14:45:23 +0200] "GET /js/site.js HTTP/1.1" 200 3015
::1 - - [10/Feb/2024:14:45:23 +0200] "GET /site.css HTTP/1.1" 200 3015
::1 - - [10/Feb/2024:14:45:23 +0200] "GET /favicon.ico HTTP/1.1" 200 3015
::1 - - [10/Feb/2024:14:45:24 +0200] "GET /basics HTTP/1.1" 200 3015
::1 - - [10/Feb/2024:14:45:24 +0200] "GET /img/php.png HTTP/1.1" 200 3015
::1 - - [10/Feb/2024:14:45:24 +0200] "GET /site.css HTTP/1.1" 200 3015
::1 - - [10/Feb/2024:14:45:24 +0200] "GET /js/site.js HTTP/1.1" 200 3015
::1 - - [10/Feb/2024:14:45:24 +0200] "GET /favicon.ico HTTP/1.1" 200 3015
::1 - - [10/Feb/2024:14:48:56 +0200] "GET / HTTP/1.1" 200 3014
::1 - - [10/Feb/2024:14:48:56 +0200] "GET /site.css HTTP/1.1" 200 3014
::1 - - [10/Feb/2024:14:48:56 +0200] "GET /js/site.js HTTP/1.1" 200 3014
::1 - - [10/Feb/2024:14:48:56 +0200] "GET /img/php.png HTTP/1.1" 200 3014
::1 - - [10/Feb/2024:14:48:56 +0200] "GET /favicon.ico HTTP/1.1" 200 3014
::1 - - [10/Feb/2024:14:48:57 +0200] "GET / HTTP/1.1" 200 3014
::1 - - [10/Feb/2024:14:48:57 +0200] "GET /js/site.js HTTP/1.1" 200 3014
::1 - - [10/Feb/2024:14:48:57 +0200] "GET /site.css HTTP/1.1" 200 3014
::1 - - [10/Feb/2024:14:48:57 +0200] "GET /img/php.png HTTP/1.1" 200 3014
::1 - - [10/Feb/2024:14:48:57 +0200] "GET /favicon.ico HTTP/1.1" 200 3014
::1 - - [10/Feb/2024:14:56:16 +0200] "GET / HTTP/1.1" 200 3013
::1 - - [10/Feb/2024:14:56:16 +0200] "GET /site.css HTTP/1.1" 200 18
::1 - - [10/Feb/2024:14:56:16 +0200] "GET /js/site.js HTTP/1.1" 200 20
::1 - - [10/Feb/2024:14:56:16 +0200] "GET /img/php.png HTTP/1.1" 200 201607
::1 - - [10/Feb/2024:14:56:16 +0200] "GET /favicon.ico HTTP/1.1" 200 21
::1 - - [10/Feb/2024:15:00:23 +0200] "GET / HTTP/1.1" 200 3013
::1 - - [10/Feb/2024:15:00:23 +0200] "GET /site.css HTTP/1.1" 200 18
::1 - - [10/Feb/2024:15:00:23 +0200] "GET /js/site.js HTTP/1.1" 200 28
::1 - - [10/Feb/2024:15:00:23 +0200] "GET /img/php.png HTTP/1.1" 200 201607
::1 - - [10/Feb/2024:15:00:23 +0200] "GET /favicon.ico HTTP/1.1" 200 21
::1 - - [10/Feb/2024:15:01:38 +0200] "GET / HTTP/1.1" 200 3013
::1 - - [10/Feb/2024:15:01:38 +0200] "GET /site.css HTTP/1.1" 200 18
::1 - - [10/Feb/2024:15:01:38 +0200] "GET /js/site.js HTTP/1.1" 200 28
::1 - - [10/Feb/2024:15:01:38 +0200] "GET /img/php.png HTTP/1.1" 200 201607
::1 - - [10/Feb/2024:15:01:38 +0200] "GET /favicon.ico HTTP/1.1" 200 21
::1 - - [10/Feb/2024:15:06:31 +0200] "GET / HTTP/1.1" 200 3013
::1 - - [10/Feb/2024:15:06:31 +0200] "GET /site.css HTTP/1.1" 200 18
::1 - - [10/Feb/2024:15:06:31 +0200] "GET /img/php.png HTTP/1.1" 200 201607
::1 - - [10/Feb/2024:15:06:31 +0200] "GET /js/site.js HTTP/1.1" 200 28
::1 - - [10/Feb/2024:15:06:31 +0200] "GET /favicon.ico HTTP/1.1" 200 21
::1 - - [10/Feb/2024:15:06:32 +0200] "GET / HTTP/1.1" 200 3013
::1 - - [10/Feb/2024:15:06:32 +0200] "GET /site.css HTTP/1.1" 200 18
::1 - - [10/Feb/2024:15:06:32 +0200] "GET /js/site.js HTTP/1.1" 200 28
::1 - - [10/Feb/2024:15:06:32 +0200] "GET /img/php.png HTTP/1.1" 200 201607
::1 - - [10/Feb/2024:15:06:32 +0200] "GET /favicon.ico HTTP/1.1" 200 21
::1 - - [10/Feb/2024:15:06:39 +0200] "GET / HTTP/1.1" 200 3013
::1 - - [10/Feb/2024:15:06:39 +0200] "GET /site.css HTTP/1.1" 200 18
::1 - - [10/Feb/2024:15:06:39 +0200] "GET /js/site.js HTTP/1.1" 200 28
::1 - - [10/Feb/2024:15:06:39 +0200] "GET /img/php.png HTTP/1.1" 200 201607
::1 - - [10/Feb/2024:15:06:39 +0200] "GET /favicon.ico HTTP/1.1" 200 21
::1 - - [10/Feb/2024:15:06:40 +0200] "GET / HTTP/1.1" 200 3013
::1 - - [10/Feb/2024:15:06:40 +0200] "GET /site.css HTTP/1.1" 200 18
::1 - - [10/Feb/2024:15:06:40 +0200] "GET /js/site.js HTTP/1.1" 200 28
::1 - - [10/Feb/2024:15:06:40 +0200] "GET /img/php.png HTTP/1.1" 200 201607
::1 - - [10/Feb/2024:15:06:40 +0200] "GET /favicon.ico HTTP/1.1" 200 21
::1 - - [10/Feb/2024:19:13:11 +0200] "GET / HTTP/1.1" 200 3032
::1 - - [10/Feb/2024:19:13:11 +0200] "GET /css/site.css HTTP/1.1" 200 77
::1 - - [10/Feb/2024:19:13:11 +0200] "GET /img/php.png HTTP/1.1" 200 201607
::1 - - [10/Feb/2024:19:13:14 +0200] "GET / HTTP/1.1" 200 3032
::1 - - [10/Feb/2024:19:13:14 +0200] "GET /css/site.css HTTP/1.1" 200 77
::1 - - [10/Feb/2024:19:13:14 +0200] "GET /img/php.png HTTP/1.1" 200 201607
::1 - - [10/Feb/2024:19:13:14 +0200] "GET /js/site.js HTTP/1.1" 200 28
::1 - - [10/Feb/2024:19:13:14 +0200] "GET /favicon.ico HTTP/1.1" 200 21
::1 - - [10/Feb/2024:19:19:25 +0200] "GET / HTTP/1.1" 200 3032
::1 - - [10/Feb/2024:19:19:25 +0200] "GET /css/site.css HTTP/1.1" 200 592
::1 - - [10/Feb/2024:19:19:25 +0200] "GET /js/site.js HTTP/1.1" 200 28
::1 - - [10/Feb/2024:19:19:25 +0200] "GET /img/php.png HTTP/1.1" 200 201607
::1 - - [10/Feb/2024:19:19:25 +0200] "GET /favicon.ico HTTP/1.1" 200 21
::1 - - [10/Feb/2024:19:19:26 +0200] "GET / HTTP/1.1" 200 3032
::1 - - [10/Feb/2024:19:19:26 +0200] "GET /css/site.css HTTP/1.1" 200 592
::1 - - [10/Feb/2024:19:19:26 +0200] "GET /js/site.js HTTP/1.1" 200 28
::1 - - [10/Feb/2024:19:19:26 +0200] "GET /img/php.png HTTP/1.1" 200 201607
::1 - - [10/Feb/2024:19:19:26 +0200] "GET /favicon.ico HTTP/1.1" 200 21
::1 - - [10/Feb/2024:19:20:04 +0200] "GET / HTTP/1.1" 200 3032
::1 - - [10/Feb/2024:19:20:04 +0200] "GET /js/site.js HTTP/1.1" 200 28
::1 - - [10/Feb/2024:19:20:04 +0200] "GET /img/php.png HTTP/1.1" 200 201607
::1 - - [10/Feb/2024:19:20:04 +0200] "GET /css/site.css HTTP/1.1" 200 238
::1 - - [10/Feb/2024:19:20:04 +0200] "GET /favicon.ico HTTP/1.1" 200 21
::1 - - [10/Feb/2024:19:21:34 +0200] "GET / HTTP/1.1" 200 3039
::1 - - [10/Feb/2024:19:21:34 +0200] "GET /css/site.css HTTP/1.1" 200 238
::1 - - [10/Feb/2024:19:21:34 +0200] "GET /img/php.png HTTP/1.1" 200 201607
::1 - - [10/Feb/2024:19:21:34 +0200] "GET /js/site.js HTTP/1.1" 200 28
::1 - - [10/Feb/2024:19:21:34 +0200] "GET /favicon.ico HTTP/1.1" 200 21
::1 - - [10/Feb/2024:19:22:04 +0200] "GET / HTTP/1.1" 200 3039
::1 - - [10/Feb/2024:19:22:04 +0200] "GET /css/site.css HTTP/1.1" 200 83
::1 - - [10/Feb/2024:19:22:04 +0200] "GET /js/site.js HTTP/1.1" 200 28
::1 - - [10/Feb/2024:19:22:04 +0200] "GET /img/php.png HTTP/1.1" 200 201607
::1 - - [10/Feb/2024:19:22:04 +0200] "GET /favicon.ico HTTP/1.1" 200 21
::1 - - [10/Feb/2024:19:22:06 +0200] "GET / HTTP/1.1" 200 3039
::1 - - [10/Feb/2024:19:22:06 +0200] "GET /css/site.css HTTP/1.1" 200 83
::1 - - [10/Feb/2024:19:22:06 +0200] "GET /js/site.js HTTP/1.1" 200 28
::1 - - [10/Feb/2024:19:22:06 +0200] "GET /img/php.png HTTP/1.1" 200 201607
::1 - - [10/Feb/2024:19:22:06 +0200] "GET /favicon.ico HTTP/1.1" 200 21
::1 - - [10/Feb/2024:19:22:07 +0200] "GET /basics HTTP/1.1" 200 3343
::1 - - [10/Feb/2024:19:22:07 +0200] "GET /css/site.css HTTP/1.1" 200 83
::1 - - [10/Feb/2024:19:22:07 +0200] "GET /img/php.png HTTP/1.1" 200 201607
::1 - - [10/Feb/2024:19:22:07 +0200] "GET /js/site.js HTTP/1.1" 200 28
::1 - - [10/Feb/2024:19:22:07 +0200] "GET /favicon.ico HTTP/1.1" 200 21
::1 - - [10/Feb/2024:19:22:08 +0200] "GET /layout HTTP/1.1" 200 2126
::1 - - [10/Feb/2024:19:22:08 +0200] "GET /css/site.css HTTP/1.1" 200 83
::1 - - [10/Feb/2024:19:22:08 +0200] "GET /js/site.js HTTP/1.1" 200 28
::1 - - [10/Feb/2024:19:22:08 +0200] "GET /img/php.png HTTP/1.1" 200 201607
::1 - - [10/Feb/2024:19:22:08 +0200] "GET /favicon.ico HTTP/1.1" 200 21
::1 - - [10/Feb/2024:19:22:10 +0200] "GET /api HTTP/1.1" 200 13
::1 - - [10/Feb/2024:19:22:10 +0200] "GET /favicon.ico HTTP/1.1" 200 21
::1 - - [10/Feb/2024:19:22:13 +0200] "GET /favicon.ico HTTP/1.1" 200 21
::1 - - [10/Feb/2024:19:35:18 +0200] "GET /basics HTTP/1.1" 200 3343
::1 - - [10/Feb/2024:19:35:18 +0200] "GET /css/site.css HTTP/1.1" 200 83
::1 - - [10/Feb/2024:19:35:18 +0200] "GET /img/php.png HTTP/1.1" 200 201607
::1 - - [10/Feb/2024:19:35:18 +0200] "GET /js/site.js HTTP/1.1" 200 28
::1 - - [10/Feb/2024:19:35:18 +0200] "GET /favicon.ico HTTP/1.1" 200 21
::1 - - [10/Feb/2024:19:35:19 +0200] "GET /layout HTTP/1.1" 200 2126
::1 - - [10/Feb/2024:19:35:19 +0200] "GET /css/site.css HTTP/1.1" 200 83
::1 - - [10/Feb/2024:19:35:19 +0200] "GET /img/php.png HTTP/1.1" 200 201607
::1 - - [10/Feb/2024:19:35:19 +0200] "GET /js/site.js HTTP/1.1" 200 28
::1 - - [10/Feb/2024:19:35:19 +0200] "GET /favicon.ico HTTP/1.1" 200 21
::1 - - [10/Feb/2024:19:35:21 +0200] "GET /api HTTP/1.1" 200 2779
::1 - - [10/Feb/2024:19:35:21 +0200] "GET /css/site.css HTTP/1.1" 200 83
::1 - - [10/Feb/2024:19:35:21 +0200] "GET /img/php.png HTTP/1.1" 200 201607
::1 - - [10/Feb/2024:19:35:21 +0200] "GET /js/site.js HTTP/1.1" 200 28
::1 - - [10/Feb/2024:19:35:21 +0200] "GET /favicon.ico HTTP/1.1" 200 21
::1 - - [10/Feb/2024:19:39:01 +0200] "GET /test HTTP/1.1" 500 112
::1 - - [10/Feb/2024:19:39:07 +0200] "POST /test HTTP/1.1" 200 18
::1 - - [10/Feb/2024:19:44:03 +0200] "GET /layout HTTP/1.1" 200 2126
::1 - - [10/Feb/2024:19:44:03 +0200] "GET /css/site.css HTTP/1.1" 200 83
::1 - - [10/Feb/2024:19:44:03 +0200] "GET /js/site.js HTTP/1.1" 200 28
::1 - - [10/Feb/2024:19:44:03 +0200] "GET /img/php.png HTTP/1.1" 200 201607
::1 - - [10/Feb/2024:19:44:03 +0200] "GET /favicon.ico HTTP/1.1" 200 21
::1 - - [10/Feb/2024:19:44:05 +0200] "GET /basics HTTP/1.1" 200 3343
::1 - - [10/Feb/2024:19:44:05 +0200] "GET /css/site.css HTTP/1.1" 200 83
::1 - - [10/Feb/2024:19:44:05 +0200] "GET /js/site.js HTTP/1.1" 200 28
::1 - - [10/Feb/2024:19:44:05 +0200] "GET /img/php.png HTTP/1.1" 200 201607
::1 - - [10/Feb/2024:19:44:05 +0200] "GET /favicon.ico HTTP/1.1" 200 21
::1 - - [10/Feb/2024:19:44:08 +0200] "GET / HTTP/1.1" 200 3039
::1 - - [10/Feb/2024:19:44:08 +0200] "GET /css/site.css HTTP/1.1" 200 83
::1 - - [10/Feb/2024:19:44:08 +0200] "GET /js/site.js HTTP/1.1" 200 28
::1 - - [10/Feb/2024:19:44:08 +0200] "GET /img/php.png HTTP/1.1" 200 201607
::1 - - [10/Feb/2024:19:44:08 +0200] "GET /favicon.ico HTTP/1.1" 200 21
::1 - - [10/Feb/2024:19:44:16 +0200] "GET /basics HTTP/1.1" 200 3343
::1 - - [10/Feb/2024:19:44:16 +0200] "GET /css/site.css HTTP/1.1" 200 83
::1 - - [10/Feb/2024:19:44:16 +0200] "GET /img/php.png HTTP/1.1" 200 201607
::1 - - [10/Feb/2024:19:44:16 +0200] "GET /js/site.js HTTP/1.1" 200 28
::1 - - [10/Feb/2024:19:44:16 +0200] "GET /favicon.ico HTTP/1.1" 200 21
::1 - - [10/Feb/2024:19:44:17 +0200] "GET /layout HTTP/1.1" 200 2126
::1 - - [10/Feb/2024:19:44:17 +0200] "GET /css/site.css HTTP/1.1" 200 83
::1 - - [10/Feb/2024:19:44:17 +0200] "GET /js/site.js HTTP/1.1" 200 28
::1 - - [10/Feb/2024:19:44:17 +0200] "GET /img/php.png HTTP/1.1" 200 201607
::1 - - [10/Feb/2024:19:44:17 +0200] "GET /favicon.ico HTTP/1.1" 200 21
::1 - - [10/Feb/2024:19:44:18 +0200] "GET /api HTTP/1.1" 200 2779
::1 - - [10/Feb/2024:19:44:18 +0200] "GET /css/site.css HTTP/1.1" 200 83
::1 - - [10/Feb/2024:19:44:18 +0200] "GET /js/site.js HTTP/1.1" 200 28
::1 - - [10/Feb/2024:19:44:18 +0200] "GET /img/php.png HTTP/1.1" 200 201607
::1 - - [10/Feb/2024:19:44:18 +0200] "GET /favicon.ico HTTP/1.1" 200 21
::1 - - [10/Feb/2024:19:46:32 +0200] "GET /api HTTP/1.1" 200 2779
::1 - - [10/Feb/2024:19:46:32 +0200] "GET /css/site.css HTTP/1.1" 200 83
::1 - - [10/Feb/2024:19:46:32 +0200] "GET /js/site.js HTTP/1.1" 200 28
::1 - - [10/Feb/2024:19:46:32 +0200] "GET /img/php.png HTTP/1.1" 200 201607
::1 - - [10/Feb/2024:19:46:33 +0200] "GET /favicon.ico HTTP/1.1" 200 21
::1 - - [10/Feb/2024:19:46:34 +0200] "GET /layout HTTP/1.1" 200 2126
::1 - - [10/Feb/2024:19:46:34 +0200] "GET /css/site.css HTTP/1.1" 200 83
::1 - - [10/Feb/2024:19:46:34 +0200] "GET /img/php.png HTTP/1.1" 200 201607
::1 - - [10/Feb/2024:19:46:34 +0200] "GET /js/site.js HTTP/1.1" 200 28
::1 - - [10/Feb/2024:19:46:34 +0200] "GET /favicon.ico HTTP/1.1" 200 21
::1 - - [10/Feb/2024:19:46:34 +0200] "GET /basics HTTP/1.1" 200 3343
::1 - - [10/Feb/2024:19:46:34 +0200] "GET /css/site.css HTTP/1.1" 200 83
::1 - - [10/Feb/2024:19:46:34 +0200] "GET /js/site.js HTTP/1.1" 200 28
::1 - - [10/Feb/2024:19:46:34 +0200] "GET /img/php.png HTTP/1.1" 200 201607
::1 - - [10/Feb/2024:19:46:34 +0200] "GET /favicon.ico HTTP/1.1" 200 21
::1 - - [10/Feb/2024:19:46:35 +0200] "GET /api HTTP/1.1" 200 2779
::1 - - [10/Feb/2024:19:46:35 +0200] "GET /css/site.css HTTP/1.1" 200 83
::1 - - [10/Feb/2024:19:46:35 +0200] "GET /js/site.js HTTP/1.1" 200 28
::1 - - [10/Feb/2024:19:46:35 +0200] "GET /img/php.png HTTP/1.1" 200 201607
::1 - - [10/Feb/2024:19:46:35 +0200] "GET /favicon.ico HTTP/1.1" 200 21
::1 - - [10/Feb/2024:19:53:44 +0200] "GET /test HTTP/1.1" 500 112
::1 - - [10/Feb/2024:19:53:44 +0200] "GET /favicon.ico HTTP/1.1" 200 21
::1 - - [10/Feb/2024:19:54:14 +0200] "GET /favicon.ico HTTP/1.1" 200 21
::1 - - [10/Feb/2024:19:55:42 +0200] "GET /test HTTP/1.1" 500 112
::1 - - [10/Feb/2024:19:55:42 +0200] "GET /favicon.ico HTTP/1.1" 200 21
::1 - - [10/Feb/2024:20:00:06 +0200] "GET /api HTTP/1.1" 200 2755
::1 - - [10/Feb/2024:20:00:06 +0200] "GET /css/site.css HTTP/1.1" 200 83
::1 - - [10/Feb/2024:20:00:06 +0200] "GET /img/php.png HTTP/1.1" 200 201607
::1 - - [10/Feb/2024:20:00:06 +0200] "GET /js/site.js HTTP/1.1" 200 28
::1 - - [10/Feb/2024:20:00:06 +0200] "GET /favicon.ico HTTP/1.1" 200 21
::1 - - [10/Feb/2024:20:00:08 +0200] "POST /test HTTP/1.1" 200 18
::1 - - [10/Feb/2024:20:00:19 +0200] "GET /test HTTP/1.1" 500 112
::1 - - [10/Feb/2024:20:00:19 +0200] "GET /favicon.ico HTTP/1.1" 200 21
::1 - - [11/Feb/2024:10:32:52 +0200] "GET / HTTP/1.1" 200 3039
::1 - - [11/Feb/2024:10:32:52 +0200] "GET /css/site.css HTTP/1.1" 200 83
::1 - - [11/Feb/2024:10:32:52 +0200] "GET /img/php.png HTTP/1.1" 200 201607
::1 - - [11/Feb/2024:10:32:53 +0200] "GET / HTTP/1.1" 200 3039
::1 - - [11/Feb/2024:10:32:53 +0200] "GET /img/php.png HTTP/1.1" 200 201607
::1 - - [11/Feb/2024:10:32:53 +0200] "GET /css/site.css HTTP/1.1" 200 83
::1 - - [11/Feb/2024:10:32:53 +0200] "GET /js/site.js HTTP/1.1" 200 28
::1 - - [11/Feb/2024:10:32:54 +0200] "GET /favicon.ico HTTP/1.1" 200 21
::1 - - [11/Feb/2024:10:33:05 +0200] "GET /layout HTTP/1.1" 200 2126
::1 - - [11/Feb/2024:10:33:05 +0200] "GET /css/site.css HTTP/1.1" 200 83
::1 - - [11/Feb/2024:10:33:05 +0200] "GET /img/php.png HTTP/1.1" 200 201607
::1 - - [11/Feb/2024:10:33:05 +0200] "GET /js/site.js HTTP/1.1" 200 28
::1 - - [11/Feb/2024:10:33:05 +0200] "GET /favicon.ico HTTP/1.1" 200 21
::1 - - [11/Feb/2024:10:33:05 +0200] "GET /api HTTP/1.1" 200 2755
::1 - - [11/Feb/2024:10:33:05 +0200] "GET /js/site.js HTTP/1.1" 200 28
::1 - - [11/Feb/2024:10:33:05 +0200] "GET /img/php.png HTTP/1.1" 200 201607
::1 - - [11/Feb/2024:10:33:05 +0200] "GET /css/site.css HTTP/1.1" 200 83
::1 - - [11/Feb/2024:10:33:05 +0200] "GET /favicon.ico HTTP/1.1" 200 21
::1 - - [11/Feb/2024:10:33:08 +0200] "GET /test HTTP/1.1" 500 189
::1 - - [11/Feb/2024:10:33:20 +0200] "POST /test HTTP/1.1" 200 18
::1 - - [11/Feb/2024:10:54:30 +0200] "GET /test HTTP/1.1" 500 189
::1 - - [11/Feb/2024:10:54:44 +0200] "GET /test HTTP/1.1" 500 112
::1 - - [11/Feb/2024:10:54:47 +0200] "GET /test HTTP/1.1" 500 112
::1 - - [11/Feb/2024:10:58:55 +0200] "POST /test HTTP/1.1" 200 18
::1 - - [11/Feb/2024:10:58:56 +0200] "GET /test HTTP/1.1" 500 2531
::1 - - [11/Feb/2024:11:06:09 +0200] "GET / HTTP/1.1" 200 3039
::1 - - [11/Feb/2024:11:06:09 +0200] "GET /css/site.css HTTP/1.1" 200 83
::1 - - [11/Feb/2024:11:06:09 +0200] "GET /img/php.png HTTP/1.1" 200 201607
::1 - - [11/Feb/2024:11:06:12 +0200] "GET /test HTTP/1.1" 500 2531
::1 - - [11/Feb/2024:11:06:14 +0200] "GET /test HTTP/1.1" 500 2531
::1 - - [11/Feb/2024:11:06:14 +0200] "GET /favicon.ico HTTP/1.1" 200 21
::1 - - [11/Feb/2024:11:06:47 +0200] "GET /test HTTP/1.1" 500 2531
::1 - - [11/Feb/2024:11:06:47 +0200] "GET /favicon.ico HTTP/1.1" 200 21
::1 - - [11/Feb/2024:11:09:41 +0200] "GET /test HTTP/1.1" 200 26
::1 - - [11/Feb/2024:11:09:41 +0200] "GET /favicon.ico HTTP/1.1" 200 21
::1 - - [11/Feb/2024:11:21:01 +0200] "GET /test HTTP/1.1" 200 26
::1 - - [11/Feb/2024:11:21:01 +0200] "GET /favicon.ico HTTP/1.1" 200 21
::1 - - [11/Feb/2024:11:21:07 +0200] "GET / HTTP/1.1" 200 3039
::1 - - [11/Feb/2024:11:21:07 +0200] "GET /css/site.css HTTP/1.1" 200 83
::1 - - [11/Feb/2024:11:21:07 +0200] "GET /img/php.png HTTP/1.1" 200 201607
::1 - - [11/Feb/2024:11:21:09 +0200] "GET / HTTP/1.1" 200 3039
::1 - - [11/Feb/2024:11:21:09 +0200] "GET /css/site.css HTTP/1.1" 200 83
::1 - - [11/Feb/2024:11:21:09 +0200] "GET /img/php.png HTTP/1.1" 200 201607
::1 - - [11/Feb/2024:11:21:09 +0200] "GET /js/site.js HTTP/1.1" 200 28
::1 - - [11/Feb/2024:11:21:09 +0200] "GET /favicon.ico HTTP/1.1" 200 21
::1 - - [11/Feb/2024:11:21:24 +0200] "GET /api HTTP/1.1" 200 2782
::1 - - [11/Feb/2024:11:21:24 +0200] "GET /css/site.css HTTP/1.1" 200 83
::1 - - [11/Feb/2024:11:21:24 +0200] "GET /img/php.png HTTP/1.1" 200 201607
::1 - - [11/Feb/2024:11:21:24 +0200] "GET /js/site.js HTTP/1.1" 200 28
::1 - - [11/Feb/2024:11:21:24 +0200] "GET /favicon.ico HTTP/1.1" 200 21
::1 - - [11/Feb/2024:11:21:26 +0200] "GET /test HTTP/1.1" 200 26
::1 - - [11/Feb/2024:11:44:02 +0200] "GET /api HTTP/1.1" 200 2782
::1 - - [11/Feb/2024:11:44:02 +0200] "GET /css/site.css HTTP/1.1" 200 83
::1 - - [11/Feb/2024:11:44:02 +0200] "GET /img/php.png HTTP/1.1" 200 201607
::1 - - [11/Feb/2024:11:44:02 +0200] "GET /js/site.js HTTP/1.1" 200 28
::1 - - [11/Feb/2024:11:44:02 +0200] "GET /favicon.ico HTTP/1.1" 200 21
::1 - - [11/Feb/2024:11:44:08 +0200] "GET /test HTTP/1.1" 200 17
::1 - - [11/Feb/2024:11:44:16 +0200] "GET /test HTTP/1.1" 200 17
::1 - - [11/Feb/2024:11:45:15 +0200] "GET /test HTTP/1.1" 200 17
::1 - - [11/Feb/2024:11:45:16 +0200] "GET /test HTTP/1.1" 200 17
::1 - - [11/Feb/2024:11:45:18 +0200] "GET /api HTTP/1.1" 200 2755
::1 - - [11/Feb/2024:11:45:18 +0200] "GET /css/site.css HTTP/1.1" 200 83
::1 - - [11/Feb/2024:11:45:18 +0200] "GET /js/site.js HTTP/1.1" 200 28
::1 - - [11/Feb/2024:11:45:18 +0200] "GET /img/php.png HTTP/1.1" 200 201607
::1 - - [11/Feb/2024:11:45:18 +0200] "GET /favicon.ico HTTP/1.1" 200 21
::1 - - [11/Feb/2024:11:45:20 +0200] "GET /test HTTP/1.1" 200 17
::1 - - [11/Feb/2024:11:45:22 +0200] "GET /api HTTP/1.1" 200 2755
::1 - - [11/Feb/2024:11:45:22 +0200] "GET /css/site.css HTTP/1.1" 200 83
::1 - - [11/Feb/2024:11:45:22 +0200] "GET /js/site.js HTTP/1.1" 200 28
::1 - - [11/Feb/2024:11:45:22 +0200] "GET /img/php.png HTTP/1.1" 200 201607
::1 - - [11/Feb/2024:11:45:22 +0200] "GET /favicon.ico HTTP/1.1" 200 21
::1 - - [11/Feb/2024:11:45:24 +0200] "POST /test HTTP/1.1" 200 18
::1 - - [11/Feb/2024:11:45:30 +0200] "GET /test HTTP/1.1" 200 17
::1 - - [11/Feb/2024:11:45:31 +0200] "POST /test HTTP/1.1" 200 18
::1 - - [11/Feb/2024:11:45:32 +0200] "GET /test HTTP/1.1" 200 17
::1 - - [11/Feb/2024:11:45:33 +0200] "POST /test HTTP/1.1" 200 18
::1 - - [11/Feb/2024:11:45:37 +0200] "GET /api HTTP/1.1" 200 2755
::1 - - [11/Feb/2024:11:45:37 +0200] "GET /css/site.css HTTP/1.1" 200 83
::1 - - [11/Feb/2024:11:45:37 +0200] "GET /js/site.js HTTP/1.1" 200 28
::1 - - [11/Feb/2024:11:45:37 +0200] "GET /img/php.png HTTP/1.1" 200 201607
::1 - - [11/Feb/2024:11:45:37 +0200] "GET /favicon.ico HTTP/1.1" 200 21
::1 - - [11/Feb/2024:11:45:38 +0200] "POST /test HTTP/1.1" 200 18
::1 - - [11/Feb/2024:11:45:39 +0200] "GET /test HTTP/1.1" 200 17
::1 - - [11/Feb/2024:11:45:40 +0200] "GET /test HTTP/1.1" 200 17
::1 - - [11/Feb/2024:11:45:41 +0200] "POST /test HTTP/1.1" 200 18
::1 - - [11/Feb/2024:11:49:59 +0200] "GET /phpmyadmin/ HTTP/1.1" 200 17590
::1 - - [11/Feb/2024:11:50:05 +0200] "GET /phpmyadmin/js/messages.php?l=it&v=5.2.1 HTTP/1.1" 200 9041
::1 - - [11/Feb/2024:11:50:05 +0200] "GET /phpmyadmin/themes/pmahomme/img/b_more.png HTTP/1.1" 200 111
::1 - - [11/Feb/2024:11:50:05 +0200] "POST /phpmyadmin/index.php?route=/config/get HTTP/1.1" 200 1497
::1 - - [11/Feb/2024:11:50:05 +0200] "POST /phpmyadmin/index.php?route=/navigation&ajax_request=1 HTTP/1.1" 200 2251
::1 - - [11/Feb/2024:11:50:05 +0200] "POST /phpmyadmin/index.php?route=/config/get HTTP/1.1" 200 1589
::1 - - [11/Feb/2024:11:50:05 +0200] "POST /phpmyadmin/index.php?route=/database/structure/favorite-table&ajax_request=1&favorite_table=1&sync_favorite_tables=1 HTTP/1.1" 200 161
::1 - - [11/Feb/2024:11:50:05 +0200] "POST /phpmyadmin/index.php?route=/version-check HTTP/1.1" 200 64
::1 - - [11/Feb/2024:11:50:05 +0200] "POST /phpmyadmin/index.php?route=/config/set HTTP/1.1" 200 1488
::1 - - [11/Feb/2024:11:50:46 +0200] "GET /phpmyadmin/themes/pmahomme/img/ajax_clock_small.gif HTTP/1.1" 200 1810
::1 - - [11/Feb/2024:11:50:46 +0200] "GET /phpmyadmin/index.php?route=/server/sql&ajax_request=true&ajax_page_request=true&_nocache=1707645046642483803&token=516f624a534f38347a526842562f5324 HTTP/1.1" 200 5352
::1 - - [11/Feb/2024:11:50:47 +0200] "GET /phpmyadmin/js/vendor/jquery/jquery.uitablefilter.js?v=5.2.1 HTTP/1.1" 200 3139
::1 - - [11/Feb/2024:11:50:47 +0200] "GET /phpmyadmin/js/dist/sql.js?v=5.2.1 HTTP/1.1" 200 35541
::1 - - [11/Feb/2024:11:50:47 +0200] "GET /phpmyadmin/js/dist/makegrid.js?v=5.2.1 HTTP/1.1" 200 81012
::1 - - [11/Feb/2024:11:50:47 +0200] "POST /phpmyadmin/index.php?route=/navigation&ajax_request=1 HTTP/1.1" 200 2251
::1 - - [11/Feb/2024:11:51:13 +0200] "GET /phpmyadmin/themes/pmahomme/img/s_lock.png HTTP/1.1" 200 667
::1 - - [11/Feb/2024:11:51:13 +0200] "POST /phpmyadmin/index.php?route=/database/sql/autocomplete HTTP/1.1" 200 1494
::1 - - [11/Feb/2024:11:51:14 +0200] "POST /phpmyadmin/index.php?route=/lint HTTP/1.1" 200 141
::1 - - [11/Feb/2024:11:51:15 +0200] "POST /phpmyadmin/index.php?route=/lint HTTP/1.1" 200 143
::1 - - [11/Feb/2024:11:51:17 +0200] "POST /phpmyadmin/index.php?route=/lint HTTP/1.1" 200 145
::1 - - [11/Feb/2024:11:51:18 +0200] "POST /phpmyadmin/index.php?route=/lint HTTP/1.1" 200 145
::1 - - [11/Feb/2024:11:51:19 +0200] "POST /phpmyadmin/index.php?route=/lint HTTP/1.1" 200 145
::1 - - [11/Feb/2024:11:51:22 +0200] "POST /phpmyadmin/index.php?route=/lint HTTP/1.1" 200 28
::1 - - [11/Feb/2024:11:51:24 +0200] "POST /phpmyadmin/index.php?route=/lint HTTP/1.1" 200 145
::1 - - [11/Feb/2024:11:51:26 +0200] "POST /phpmyadmin/index.php?route=/lint HTTP/1.1" 200 145
::1 - - [11/Feb/2024:11:51:30 +0200] "POST /phpmyadmin/index.php?route=/lint HTTP/1.1" 200 28
::1 - - [11/Feb/2024:11:51:33 +0200] "POST /phpmyadmin/index.php?route=/lint HTTP/1.1" 200 28
::1 - - [11/Feb/2024:11:51:36 +0200] "POST /phpmyadmin/index.php?route=/lint HTTP/1.1" 200 28
::1 - - [11/Feb/2024:11:51:37 +0200] "POST /phpmyadmin/index.php?route=/lint HTTP/1.1" 200 28
::1 - - [11/Feb/2024:11:51:39 +0200] "POST /phpmyadmin/index.php?route=/lint HTTP/1.1" 200 28
::1 - - [11/Feb/2024:11:51:40 +0200] "POST /phpmyadmin/index.php?route=/lint HTTP/1.1" 200 28
::1 - - [11/Feb/2024:11:51:42 +0200] "POST /phpmyadmin/index.php?route=/lint HTTP/1.1" 200 28
::1 - - [11/Feb/2024:11:52:32 +0200] "POST /phpmyadmin/index.php?route=/lint HTTP/1.1" 200 28
::1 - - [11/Feb/2024:11:52:34 +0200] "POST /phpmyadmin/index.php?route=/lint HTTP/1.1" 200 28
::1 - - [11/Feb/2024:11:53:14 +0200] "POST /phpmyadmin/index.php?route=/import HTTP/1.1" 200 1886
::1 - - [11/Feb/2024:11:53:14 +0200] "GET /phpmyadmin/themes/pmahomme/img/s_success.png HTTP/1.1" 200 465
::1 - - [11/Feb/2024:11:53:14 +0200] "GET /phpmyadmin/themes/pmahomme/img/s_notice.png HTTP/1.1" 200 567
::1 - - [11/Feb/2024:11:53:14 +0200] "POST /phpmyadmin/index.php?route=/navigation&ajax_request=1 HTTP/1.1" 200 2294
::1 - - [11/Feb/2024:11:56:19 +0200] "POST /phpmyadmin/index.php?route=/lint HTTP/1.1" 200 28
::1 - - [11/Feb/2024:11:58:12 +0200] "POST /phpmyadmin/index.php?route=/lint HTTP/1.1" 200 146
::1 - - [11/Feb/2024:11:58:16 +0200] "POST /phpmyadmin/index.php?route=/lint HTTP/1.1" 200 28
::1 - - [11/Feb/2024:11:58:28 +0200] "POST /phpmyadmin/index.php?route=/lint HTTP/1.1" 200 28
::1 - - [11/Feb/2024:11:58:32 +0200] "POST /phpmyadmin/index.php?route=/lint HTTP/1.1" 200 28
::1 - - [11/Feb/2024:11:58:36 +0200] "POST /phpmyadmin/index.php?route=/lint HTTP/1.1" 200 28
::1 - - [11/Feb/2024:11:58:38 +0200] "POST /phpmyadmin/index.php?route=/lint HTTP/1.1" 200 28
::1 - - [11/Feb/2024:11:58:46 +0200] "POST /phpmyadmin/index.php?route=/lint HTTP/1.1" 200 145
::1 - - [11/Feb/2024:11:58:52 +0200] "POST /phpmyadmin/index.php?route=/lint HTTP/1.1" 200 145
::1 - - [11/Feb/2024:11:58:53 +0200] "POST /phpmyadmin/index.php?route=/lint HTTP/1.1" 200 28
::1 - - [11/Feb/2024:11:58:56 +0200] "POST /phpmyadmin/index.php?route=/lint HTTP/1.1" 200 28
::1 - - [11/Feb/2024:11:58:57 +0200] "POST /phpmyadmin/index.php?route=/lint HTTP/1.1" 200 28
::1 - - [11/Feb/2024:11:58:58 +0200] "POST /phpmyadmin/index.php?route=/lint HTTP/1.1" 200 28
::1 - - [11/Feb/2024:11:58:59 +0200] "POST /phpmyadmin/index.php?route=/lint HTTP/1.1" 200 28
::1 - - [11/Feb/2024:11:59:00 +0200] "POST /phpmyadmin/index.php?route=/lint HTTP/1.1" 200 28
::1 - - [11/Feb/2024:11:59:04 +0200] "POST /phpmyadmin/index.php?route=/lint HTTP/1.1" 200 28
::1 - - [11/Feb/2024:11:59:07 +0200] "POST /phpmyadmin/index.php?route=/lint HTTP/1.1" 200 28
::1 - - [11/Feb/2024:11:59:10 +0200] "POST /phpmyadmin/index.php?route=/lint HTTP/1.1" 200 28
::1 - - [11/Feb/2024:11:59:11 +0200] "POST /phpmyadmin/index.php?route=/lint HTTP/1.1" 200 28
::1 - - [11/Feb/2024:11:59:12 +0200] "POST /phpmyadmin/index.php?route=/lint HTTP/1.1" 200 28
::1 - - [11/Feb/2024:11:59:13 +0200] "POST /phpmyadmin/index.php?route=/lint HTTP/1.1" 200 28
::1 - - [11/Feb/2024:11:59:22 +0200] "GET /phpmyadmin/themes/pmahomme/img/s_unlink.png HTTP/1.1" 200 589
::1 - - [11/Feb/2024:11:59:30 +0200] "POST /phpmyadmin/index.php?route=/lint HTTP/1.1" 200 28
::1 - - [11/Feb/2024:11:59:31 +0200] "POST /phpmyadmin/index.php?route=/lint HTTP/1.1" 200 28
::1 - - [11/Feb/2024:11:59:36 +0200] "POST /phpmyadmin/index.php?route=/lint HTTP/1.1" 200 28
::1 - - [11/Feb/2024:11:59:38 +0200] "POST /phpmyadmin/index.php?route=/lint HTTP/1.1" 200 28
::1 - - [11/Feb/2024:11:59:43 +0200] "POST /phpmyadmin/index.php?route=/lint HTTP/1.1" 200 28
::1 - - [11/Feb/2024:11:59:44 +0200] "POST /phpmyadmin/index.php?route=/lint HTTP/1.1" 200 28
::1 - - [11/Feb/2024:11:59:48 +0200] "POST /phpmyadmin/index.php?route=/lint HTTP/1.1" 200 28
::1 - - [11/Feb/2024:11:59:49 +0200] "POST /phpmyadmin/index.php?route=/lint HTTP/1.1" 200 28
::1 - - [11/Feb/2024:11:59:51 +0200] "POST /phpmyadmin/index.php?route=/lint HTTP/1.1" 200 28
::1 - - [11/Feb/2024:11:59:58 +0200] "POST /phpmyadmin/index.php?route=/lint HTTP/1.1" 200 28
::1 - - [11/Feb/2024:12:00:35 +0200] "POST /phpmyadmin/index.php?route=/import HTTP/1.1" 200 1964
::1 - - [11/Feb/2024:12:02:51 +0200] "POST /phpmyadmin/index.php?route=/lint HTTP/1.1" 200 226
::1 - - [11/Feb/2024:12:02:52 +0200] "POST /phpmyadmin/index.php?route=/lint HTTP/1.1" 200 227
::1 - - [11/Feb/2024:12:02:53 +0200] "POST /phpmyadmin/index.php?route=/lint HTTP/1.1" 200 230
::1 - - [11/Feb/2024:12:02:56 +0200] "POST /phpmyadmin/index.php?route=/lint HTTP/1.1" 200 230
::1 - - [11/Feb/2024:12:02:59 +0200] "POST /phpmyadmin/index.php?route=/lint HTTP/1.1" 200 230
::1 - - [11/Feb/2024:12:03:00 +0200] "POST /phpmyadmin/index.php?route=/lint HTTP/1.1" 200 230
::1 - - [11/Feb/2024:12:03:01 +0200] "POST /phpmyadmin/index.php?route=/lint HTTP/1.1" 200 28
::1 - - [11/Feb/2024:12:03:10 +0200] "POST /phpmyadmin/index.php?route=/lint HTTP/1.1" 200 28
::1 - - [11/Feb/2024:12:03:14 +0200] "POST /phpmyadmin/index.php?route=/lint HTTP/1.1" 200 28
::1 - - [11/Feb/2024:12:03:15 +0200] "POST /phpmyadmin/index.php?route=/lint HTTP/1.1" 200 28
::1 - - [11/Feb/2024:12:03:19 +0200] "POST /phpmyadmin/index.php?route=/lint HTTP/1.1" 200 28
::1 - - [11/Feb/2024:12:03:22 +0200] "POST /phpmyadmin/index.php?route=/lint HTTP/1.1" 200 28
::1 - - [11/Feb/2024:12:03:24 +0200] "POST /phpmyadmin/index.php?route=/lint HTTP/1.1" 200 28
::1 - - [11/Feb/2024:12:03:25 +0200] "POST /phpmyadmin/index.php?route=/lint HTTP/1.1" 200 28
::1 - - [11/Feb/2024:12:03:26 +0200] "POST /phpmyadmin/index.php?route=/lint HTTP/1.1" 200 28
::1 - - [11/Feb/2024:12:03:27 +0200] "POST /phpmyadmin/index.php?route=/lint HTTP/1.1" 200 28
::1 - - [11/Feb/2024:12:03:28 +0200] "POST /phpmyadmin/index.php?route=/lint HTTP/1.1" 200 28
::1 - - [11/Feb/2024:12:03:29 +0200] "POST /phpmyadmin/index.php?route=/lint HTTP/1.1" 200 28
::1 - - [11/Feb/2024:12:03:32 +0200] "POST /phpmyadmin/index.php?route=/lint HTTP/1.1" 200 28
::1 - - [11/Feb/2024:12:03:36 +0200] "POST /phpmyadmin/index.php?route=/lint HTTP/1.1" 200 28
::1 - - [11/Feb/2024:12:03:37 +0200] "POST /phpmyadmin/index.php?route=/lint HTTP/1.1" 200 28
::1 - - [11/Feb/2024:12:04:24 +0200] "POST /phpmyadmin/index.php?route=/lint HTTP/1.1" 200 28
::1 - - [11/Feb/2024:12:04:25 +0200] "POST /phpmyadmin/index.php?route=/lint HTTP/1.1" 200 28
::1 - - [11/Feb/2024:12:04:29 +0200] "POST /phpmyadmin/index.php?route=/lint HTTP/1.1" 200 28
::1 - - [11/Feb/2024:12:04:30 +0200] "POST /phpmyadmin/index.php?route=/lint HTTP/1.1" 200 28
::1 - - [11/Feb/2024:12:04:31 +0200] "POST /phpmyadmin/index.php?route=/lint HTTP/1.1" 200 28
::1 - - [11/Feb/2024:12:04:32 +0200] "POST /phpmyadmin/index.php?route=/lint HTTP/1.1" 200 28
::1 - - [11/Feb/2024:12:04:35 +0200] "POST /phpmyadmin/index.php?route=/lint HTTP/1.1" 200 28
::1 - - [11/Feb/2024:12:04:39 +0200] "POST /phpmyadmin/index.php?route=/lint HTTP/1.1" 200 28
::1 - - [11/Feb/2024:12:04:40 +0200] "POST /phpmyadmin/index.php?route=/lint HTTP/1.1" 200 28
::1 - - [11/Feb/2024:12:04:43 +0200] "POST /phpmyadmin/index.php?route=/lint HTTP/1.1" 200 28
::1 - - [11/Feb/2024:12:04:44 +0200] "POST /phpmyadmin/index.php?route=/lint HTTP/1.1" 200 28
::1 - - [11/Feb/2024:12:04:45 +0200] "POST /phpmyadmin/index.php?route=/lint HTTP/1.1" 200 28
::1 - - [11/Feb/2024:12:04:48 +0200] "POST /phpmyadmin/index.php?route=/lint HTTP/1.1" 200 28
::1 - - [11/Feb/2024:12:07:06 +0200] "POST /phpmyadmin/index.php?route=/lint HTTP/1.1" 200 28
::1 - - [11/Feb/2024:12:07:27 +0200] "POST /phpmyadmin/index.php?route=/import HTTP/1.1" 200 1963
::1 - - [11/Feb/2024:12:09:33 +0200] "POST /phpmyadmin/index.php?route=/lint HTTP/1.1" 200 141
::1 - - [11/Feb/2024:12:09:34 +0200] "POST /phpmyadmin/index.php?route=/lint HTTP/1.1" 200 143
::1 - - [11/Feb/2024:12:09:35 +0200] "POST /phpmyadmin/index.php?route=/lint HTTP/1.1" 200 145
::1 - - [11/Feb/2024:12:09:41 +0200] "POST /phpmyadmin/index.php?route=/lint HTTP/1.1" 200 144
::1 - - [11/Feb/2024:12:09:41 +0200] "POST /phpmyadmin/index.php?route=/lint HTTP/1.1" 200 28
::1 - - [11/Feb/2024:12:09:48 +0200] "POST /phpmyadmin/index.php?route=/lint HTTP/1.1" 200 28
::1 - - [11/Feb/2024:12:09:50 +0200] "POST /phpmyadmin/index.php?route=/lint HTTP/1.1" 200 28
::1 - - [11/Feb/2024:12:09:50 +0200] "POST /phpmyadmin/index.php?route=/lint HTTP/1.1" 200 28
::1 - - [11/Feb/2024:12:10:04 +0200] "POST /phpmyadmin/index.php?route=/lint HTTP/1.1" 200 28
::1 - - [11/Feb/2024:12:10:05 +0200] "POST /phpmyadmin/index.php?route=/lint HTTP/1.1" 200 28
::1 - - [11/Feb/2024:12:10:14 +0200] "POST /phpmyadmin/index.php?route=/lint HTTP/1.1" 200 28
::1 - - [11/Feb/2024:12:10:15 +0200] "POST /phpmyadmin/index.php?route=/lint HTTP/1.1" 200 28
::1 - - [11/Feb/2024:12:10:18 +0200] "POST /phpmyadmin/index.php?route=/lint HTTP/1.1" 200 28
::1 - - [11/Feb/2024:12:10:22 +0200] "POST /phpmyadmin/index.php?route=/import HTTP/1.1" 200 1874
::1 - - [11/Feb/2024:12:10:34 +0200] "GET /phpmyadmin/index.php?route=/server/sql HTTP/1.1" 200 14026
::1 - - [11/Feb/2024:12:10:34 +0200] "GET /phpmyadmin/favicon.ico HTTP/1.1" 200 22486
::1 - - [11/Feb/2024:12:10:34 +0200] "POST /phpmyadmin/index.php?route=/config/get HTTP/1.1" 200 1499
::1 - - [11/Feb/2024:12:10:34 +0200] "POST /phpmyadmin/index.php?route=/config/get HTTP/1.1" 200 1591
::1 - - [11/Feb/2024:12:10:34 +0200] "POST /phpmyadmin/index.php?route=/navigation&ajax_request=1 HTTP/1.1" 200 2294
::1 - - [11/Feb/2024:12:10:34 +0200] "POST /phpmyadmin/index.php?route=/config/set HTTP/1.1" 200 1490
::1 - - [11/Feb/2024:12:11:31 +0200] "GET /phpmyadmin/index.php?route=/server/sql&ajax_request=true&ajax_page_request=true&_nocache=1707646291106283328&token=516f624a534f38347a526842562f5324 HTTP/1.1" 200 5354
::1 - - [11/Feb/2024:12:11:31 +0200] "POST /phpmyadmin/index.php?route=/navigation&ajax_request=1 HTTP/1.1" 200 2294
::1 - - [11/Feb/2024:12:28:08 +0200] "GET /api HTTP/1.1" 200 2771
::1 - - [11/Feb/2024:12:28:08 +0200] "GET /css/site.css HTTP/1.1" 200 83
::1 - - [11/Feb/2024:12:28:08 +0200] "GET /img/php.png HTTP/1.1" 200 201607
::1 - - [11/Feb/2024:12:28:08 +0200] "GET /js/site.js HTTP/1.1" 200 28
::1 - - [11/Feb/2024:12:28:08 +0200] "GET /favicon.ico HTTP/1.1" 200 21
::1 - - [11/Feb/2024:12:28:11 +0200] "GET /test HTTP/1.1" 200 28
::1 - - [11/Feb/2024:12:28:16 +0200] "POST /test HTTP/1.1" 200 18
::1 - - [11/Feb/2024:12:32:11 +0200] "GET /phpmyadmin/index.php?route=/database/structure&db=mysql&ajax_request=true&ajax_page_request=true&_nocache=1707647531892720071&token=516f624a534f38347a526842562f5324 HTTP/1.1" 200 12413
::1 - - [11/Feb/2024:12:32:12 +0200] "GET /phpmyadmin/themes/pmahomme/img/b_routines.png HTTP/1.1" 200 306
::1 - - [11/Feb/2024:12:32:12 +0200] "GET /phpmyadmin/themes/pmahomme/img/b_props.png HTTP/1.1" 200 573
::1 - - [11/Feb/2024:12:32:12 +0200] "GET /phpmyadmin/themes/pmahomme/img/b_search.png HTTP/1.1" 200 538
::1 - - [11/Feb/2024:12:32:12 +0200] "GET /phpmyadmin/themes/pmahomme/img/b_events.png HTTP/1.1" 200 703
::1 - - [11/Feb/2024:12:32:12 +0200] "GET /phpmyadmin/themes/pmahomme/img/b_triggers.png HTTP/1.1" 200 446
::1 - - [11/Feb/2024:12:32:12 +0200] "GET /phpmyadmin/themes/pmahomme/img/b_relations.png HTTP/1.1" 200 140
::1 - - [11/Feb/2024:12:32:12 +0200] "GET /phpmyadmin/themes/pmahomme/img/centralColumns.png HTTP/1.1" 200 586
::1 - - [11/Feb/2024:12:32:12 +0200] "GET /phpmyadmin/themes/pmahomme/img/eye.png HTTP/1.1" 200 663
::1 - - [11/Feb/2024:12:32:12 +0200] "GET /phpmyadmin/themes/pmahomme/img/s_asc.png HTTP/1.1" 200 146
::1 - - [11/Feb/2024:12:32:12 +0200] "GET /phpmyadmin/themes/pmahomme/img/b_no_favorite.png HTTP/1.1" 200 377
::1 - - [11/Feb/2024:12:32:12 +0200] "GET /phpmyadmin/themes/pmahomme/img/bd_select.png HTTP/1.1" 200 325
::1 - - [11/Feb/2024:12:32:12 +0200] "GET /phpmyadmin/themes/pmahomme/img/bd_browse.png HTTP/1.1" 200 271
::1 - - [11/Feb/2024:12:32:12 +0200] "GET /phpmyadmin/js/dist/database/structure.js?v=5.2.1 HTTP/1.1" 200 14685
::1 - - [11/Feb/2024:12:32:12 +0200] "GET /phpmyadmin/js/dist/table/change.js?v=5.2.1 HTTP/1.1" 200 29082
::1 - - [11/Feb/2024:12:32:12 +0200] "GET /phpmyadmin/themes/pmahomme/img/bd_empty.png HTTP/1.1" 200 327
::1 - - [11/Feb/2024:12:32:12 +0200] "GET /phpmyadmin/themes/pmahomme/img/b_insrow.png HTTP/1.1" 200 157
::1 - - [11/Feb/2024:12:32:12 +0200] "GET /phpmyadmin/themes/pmahomme/img/b_browse.png HTTP/1.1" 200 486
::1 - - [11/Feb/2024:12:32:12 +0200] "GET /phpmyadmin/themes/pmahomme/img/b_drop.png HTTP/1.1" 200 637
::1 - - [11/Feb/2024:12:32:12 +0200] "GET /phpmyadmin/themes/pmahomme/img/b_select.png HTTP/1.1" 200 593
::1 - - [11/Feb/2024:12:32:12 +0200] "GET /phpmyadmin/themes/pmahomme/img/b_empty.png HTTP/1.1" 200 521
::1 - - [11/Feb/2024:12:32:12 +0200] "GET /phpmyadmin/themes/pmahomme/img/b_print.png HTTP/1.1" 200 639
::1 - - [11/Feb/2024:12:32:12 +0200] "GET /phpmyadmin/themes/pmahomme/img/b_edit.png HTTP/1.1" 200 377
::1 - - [11/Feb/2024:12:32:12 +0200] "GET /phpmyadmin/themes/pmahomme/img/b_table_add.png HTTP/1.1" 200 571
::1 - - [11/Feb/2024:12:32:12 +0200] "GET /phpmyadmin/themes/pmahomme/img/b_tblanalyse.png HTTP/1.1" 200 152
::1 - - [11/Feb/2024:12:32:12 +0200] "GET /phpmyadmin/themes/pmahomme/img/arrow_ltr.png HTTP/1.1" 200 101
::1 - - [11/Feb/2024:12:32:12 +0200] "POST /phpmyadmin/index.php?route=/navigation&ajax_request=1 HTTP/1.1" 200 2294
::1 - - [11/Feb/2024:12:32:12 +0200] "POST /phpmyadmin/index.php?route=/navigation&ajax_request=1 HTTP/1.1" 200 2392
::1 - - [11/Feb/2024:12:32:13 +0200] "POST /phpmyadmin/index.php?route=/navigation&ajax_request=1 HTTP/1.1" 200 2392
::1 - - [11/Feb/2024:12:32:13 +0200] "GET /phpmyadmin/themes/pmahomme/img/b_views.png HTTP/1.1" 200 603
::1 - - [11/Feb/2024:12:32:13 +0200] "GET /phpmyadmin/themes/pmahomme/img/b_minus.png HTTP/1.1" 200 123
::1 - - [11/Feb/2024:12:32:13 +0200] "POST /phpmyadmin/index.php?route=/navigation&ajax_request=1 HTTP/1.1" 200 3538
::1 - - [11/Feb/2024:12:32:13 +0200] "POST /phpmyadmin/index.php?route=/navigation&ajax_request=1 HTTP/1.1" 200 3538
::1 - - [11/Feb/2024:12:32:18 +0200] "GET /phpmyadmin/themes/pmahomme/img/hide.png HTTP/1.1" 200 284
::1 - - [11/Feb/2024:12:33:54 +0200] "POST /phpmyadmin/index.php?route=/table/maintenance/repair HTTP/1.1" 200 2960
::1 - - [11/Feb/2024:12:33:54 +0200] "POST /phpmyadmin/index.php?route=/navigation&ajax_request=1 HTTP/1.1" 200 4642
::1 - - [11/Feb/2024:12:35:22 +0200] "GET /phpmyadmin/index.php?route=/database/sql&db=mysql&ajax_request=true&ajax_page_request=true&_nocache=170764772252537095&token=516f624a534f38347a526842562f5324 HTTP/1.1" 200 5495
::1 - - [11/Feb/2024:12:35:22 +0200] "POST /phpmyadmin/index.php?route=/navigation&ajax_request=1 HTTP/1.1" 200 4642
::1 - - [11/Feb/2024:12:59:18 +0200] "POST /phpmyadmin/index.php?route=/ HTTP/1.1" 200 1603
::1 - - [11/Feb/2024:13:22:14 +0200] "POST /phpmyadmin/index.php?route=/ HTTP/1.1" 200 1603
