[Sat Feb 03 11:12:57.659728 2024] [authz_core:error] [pid 5924:tid 1872] [client ::1:50519] AH01630: client denied by server configuration: C:/Users/Yurii/Desktop/PHP/
[Sat Feb 03 11:12:57.833895 2024] [authz_core:error] [pid 5924:tid 1872] [client ::1:50519] AH01630: client denied by server configuration: C:/Users/Yurii/Desktop/PHP/favicon.ico, referer: http://ypspd-111.loc/
[Sat Feb 03 11:14:12.975055 2024] [authz_core:error] [pid 5924:tid 1864] [client ::1:50556] AH01630: client denied by server configuration: C:/Users/Yurii/Desktop/PHP/
[Sat Feb 03 11:14:13.030105 2024] [authz_core:error] [pid 5924:tid 1864] [client ::1:50556] AH01630: client denied by server configuration: C:/Users/Yurii/Desktop/PHP/favicon.ico, referer: http://ypspd-111.loc/
[Sun Feb 04 11:01:16.541514 2024] [php:error] [pid 13012:tid 1888] [client ::1:51174] script 'C:/Users/Yurii/Desktop/PHP/basics.php' not found or unable to stat, referer: http://ypspd111.loc/
[Sat Feb 10 14:03:12.182660 2024] [php:warn] [pid 5780:tid 1904] [client ::1:51832] PHP Warning:  readfile(./wwwroot/): Failed to open stream: No such file or directory in C:\\Users\\Yurii\\Desktop\\PHP\\access_manager.php on line 21
[Sat Feb 10 14:03:13.838930 2024] [php:warn] [pid 5780:tid 1904] [client ::1:51832] PHP Warning:  readfile(./wwwroot/): Failed to open stream: No such file or directory in C:\\Users\\Yurii\\Desktop\\PHP\\access_manager.php on line 21
[Sat Feb 10 14:03:14.030104 2024] [php:warn] [pid 5780:tid 1904] [client ::1:51832] PHP Warning:  readfile(./wwwroot/): Failed to open stream: No such file or directory in C:\\Users\\Yurii\\Desktop\\PHP\\access_manager.php on line 21, referer: http://ypspd111.loc/
[Sat Feb 10 14:03:48.454652 2024] [php:warn] [pid 5780:tid 1884] [client ::1:51833] PHP Warning:  readfile(./wwwroot/): Failed to open stream: No such file or directory in C:\\Users\\Yurii\\Desktop\\PHP\\access_manager.php on line 21
[Sat Feb 10 14:03:48.500694 2024] [php:warn] [pid 5780:tid 1884] [client ::1:51833] PHP Warning:  readfile(./wwwroot/): Failed to open stream: No such file or directory in C:\\Users\\Yurii\\Desktop\\PHP\\access_manager.php on line 21, referer: http://ypspd111.loc/
[Sat Feb 10 14:03:49.909629 2024] [php:warn] [pid 5780:tid 1884] [client ::1:51833] PHP Warning:  readfile(./wwwroot/): Failed to open stream: No such file or directory in C:\\Users\\Yurii\\Desktop\\PHP\\access_manager.php on line 21
[Sat Feb 10 14:03:49.948664 2024] [php:warn] [pid 5780:tid 1884] [client ::1:51833] PHP Warning:  readfile(./wwwroot/): Failed to open stream: No such file or directory in C:\\Users\\Yurii\\Desktop\\PHP\\access_manager.php on line 21, referer: http://ypspd111.loc/
[Sat Feb 10 14:03:51.077105 2024] [php:warn] [pid 5780:tid 1884] [client ::1:51833] PHP Warning:  readfile(./wwwroot/): Failed to open stream: No such file or directory in C:\\Users\\Yurii\\Desktop\\PHP\\access_manager.php on line 21
[Sat Feb 10 14:03:51.114139 2024] [php:warn] [pid 5780:tid 1884] [client ::1:51833] PHP Warning:  readfile(./wwwroot/): Failed to open stream: No such file or directory in C:\\Users\\Yurii\\Desktop\\PHP\\access_manager.php on line 21, referer: http://ypspd111.loc/
[Sun Feb 11 19:21:43.851527 2024] [php:warn] [pid 6084:tid 1876] [client ::1:53850] PHP Warning:  Undefined array key "name" in C:\\Users\\Yurii\\Desktop\\PHP\\register.php on line 73, referer: http://ypspd111.loc/registration_form
[Sun Feb 11 21:16:00.114580 2024] [php:warn] [pid 6084:tid 1876] [client ::1:54608] PHP Warning:  require_once(TestController.php): Failed to open stream: No such file or directory in C:\\Users\\Yurii\\Desktop\\PHP\\register.php on line 73, referer: http://ypspd111.loc/registration_form
[Sun Feb 11 21:16:00.114580 2024] [php:error] [pid 6084:tid 1876] [client ::1:54608] PHP Fatal error:  Uncaught Error: Failed opening required 'TestController.php' (include_path='C:\\xampp\\php\\PEAR') in C:\\Users\\Yurii\\Desktop\\PHP\\register.php:73\nStack trace:\n#0 C:\\Users\\Yurii\\Desktop\\PHP\\_layout.php(37): include()\n#1 C:\\Users\\Yurii\\Desktop\\PHP\\access_manager.php(61): include('C:\\\\Users\\\\Yurii\\\\...')\n#2 {main}\n  thrown in C:\\Users\\Yurii\\Desktop\\PHP\\register.php on line 73, referer: http://ypspd111.loc/registration_form
[Sun Feb 11 21:23:50.869219 2024] [php:warn] [pid 6084:tid 1888] [client ::1:54650] PHP Warning:  require_once(TestController.php): Failed to open stream: No such file or directory in C:\\Users\\Yurii\\Desktop\\PHP\\register.php on line 73, referer: http://ypspd111.loc/registration_form
[Sun Feb 11 21:23:50.869219 2024] [php:error] [pid 6084:tid 1888] [client ::1:54650] PHP Fatal error:  Uncaught Error: Failed opening required 'TestController.php' (include_path='C:\\xampp\\php\\PEAR') in C:\\Users\\Yurii\\Desktop\\PHP\\register.php:73\nStack trace:\n#0 C:\\Users\\Yurii\\Desktop\\PHP\\_layout.php(37): include()\n#1 C:\\Users\\Yurii\\Desktop\\PHP\\access_manager.php(61): include('C:\\\\Users\\\\Yurii\\\\...')\n#2 {main}\n  thrown in C:\\Users\\Yurii\\Desktop\\PHP\\register.php on line 73, referer: http://ypspd111.loc/registration_form
[Sun Feb 11 21:24:59.203798 2024] [php:warn] [pid 6084:tid 1876] [client ::1:54656] PHP Warning:  require_once(TestController.php): Failed to open stream: No such file or directory in C:\\Users\\Yurii\\Desktop\\PHP\\register.php on line 73, referer: http://ypspd111.loc/registration_form
[Sun Feb 11 21:24:59.203798 2024] [php:error] [pid 6084:tid 1876] [client ::1:54656] PHP Fatal error:  Uncaught Error: Failed opening required 'TestController.php' (include_path='C:\\xampp\\php\\PEAR') in C:\\Users\\Yurii\\Desktop\\PHP\\register.php:73\nStack trace:\n#0 C:\\Users\\Yurii\\Desktop\\PHP\\_layout.php(37): include()\n#1 C:\\Users\\Yurii\\Desktop\\PHP\\access_manager.php(61): include('C:\\\\Users\\\\Yurii\\\\...')\n#2 {main}\n  thrown in C:\\Users\\Yurii\\Desktop\\PHP\\register.php on line 73, referer: http://ypspd111.loc/registration_form
[Sun Feb 11 21:26:24.188080 2024] [php:warn] [pid 6084:tid 1876] [client ::1:54662] PHP Warning:  Undefined array key "name" in C:\\Users\\Yurii\\Desktop\\PHP\\register.php on line 86, referer: http://ypspd111.loc/registration_form
[Sun Feb 11 21:26:24.188080 2024] [php:warn] [pid 6084:tid 1876] [client ::1:54662] PHP Warning:  Undefined array key "avatar" in C:\\Users\\Yurii\\Desktop\\PHP\\register.php on line 89, referer: http://ypspd111.loc/registration_form
[Sun Feb 11 21:31:15.255509 2024] [php:warn] [pid 6084:tid 1876] [client ::1:54679] PHP Warning:  require_once(TestController.php): Failed to open stream: No such file or directory in C:\\Users\\Yurii\\Desktop\\PHP\\register.php on line 73, referer: http://ypspd111.loc/registration_form
[Sun Feb 11 21:31:15.255509 2024] [php:error] [pid 6084:tid 1876] [client ::1:54679] PHP Fatal error:  Uncaught Error: Failed opening required 'TestController.php' (include_path='C:\\xampp\\php\\PEAR') in C:\\Users\\Yurii\\Desktop\\PHP\\register.php:73\nStack trace:\n#0 C:\\Users\\Yurii\\Desktop\\PHP\\_layout.php(37): include()\n#1 C:\\Users\\Yurii\\Desktop\\PHP\\access_manager.php(61): include('C:\\\\Users\\\\Yurii\\\\...')\n#2 {main}\n  thrown in C:\\Users\\Yurii\\Desktop\\PHP\\register.php on line 73, referer: http://ypspd111.loc/registration_form
[Sun Feb 11 21:33:10.789461 2024] [php:warn] [pid 6084:tid 1888] [client ::1:54686] PHP Warning:  require_once(TestController.php): Failed to open stream: No such file or directory in C:\\Users\\Yurii\\Desktop\\PHP\\register.php on line 73, referer: http://ypspd111.loc/registration_form
[Sun Feb 11 21:33:10.789461 2024] [php:error] [pid 6084:tid 1888] [client ::1:54686] PHP Fatal error:  Uncaught Error: Failed opening required 'TestController.php' (include_path='C:\\xampp\\php\\PEAR') in C:\\Users\\Yurii\\Desktop\\PHP\\register.php:73\nStack trace:\n#0 C:\\Users\\Yurii\\Desktop\\PHP\\_layout.php(37): include()\n#1 C:\\Users\\Yurii\\Desktop\\PHP\\access_manager.php(61): include('C:\\\\Users\\\\Yurii\\\\...')\n#2 {main}\n  thrown in C:\\Users\\Yurii\\Desktop\\PHP\\register.php on line 73, referer: http://ypspd111.loc/registration_form
[Sun Feb 11 21:40:48.861361 2024] [php:warn] [pid 6084:tid 1876] [client ::1:54722] PHP Warning:  require_once(C:\\Users\\Yurii\\Desktop\\PHPTestController.php): Failed to open stream: No such file or directory in C:\\Users\\Yurii\\Desktop\\PHP\\register.php on line 75, referer: http://ypspd111.loc/registration_form
[Sun Feb 11 21:40:48.861361 2024] [php:error] [pid 6084:tid 1876] [client ::1:54722] PHP Fatal error:  Uncaught Error: Failed opening required 'C:\\Users\\Yurii\\Desktop\\PHPTestController.php' (include_path='C:\\xampp\\php\\PEAR') in C:\\Users\\Yurii\\Desktop\\PHP\\register.php:75\nStack trace:\n#0 C:\\Users\\Yurii\\Desktop\\PHP\\_layout.php(37): include()\n#1 C:\\Users\\Yurii\\Desktop\\PHP\\access_manager.php(61): include('C:\\\\Users\\\\Yurii\\\\...')\n#2 {main}\n  thrown in C:\\Users\\Yurii\\Desktop\\PHP\\register.php on line 75, referer: http://ypspd111.loc/registration_form
[Sun Feb 11 21:42:54.763180 2024] [php:warn] [pid 6084:tid 1888] [client ::1:54727] PHP Warning:  require_once(C:\\Users\\Yurii\\Desktop\\PHPC:\\Users\\Yurii\\Desktop\\PHP\\register.php): Failed to open stream: No such file or directory in C:\\Users\\Yurii\\Desktop\\PHP\\register.php on line 75, referer: http://ypspd111.loc/registration_form
[Sun Feb 11 21:42:54.763180 2024] [php:error] [pid 6084:tid 1888] [client ::1:54727] PHP Fatal error:  Uncaught Error: Failed opening required 'C:\\Users\\Yurii\\Desktop\\PHPC:\\Users\\Yurii\\Desktop\\PHP\\register.php' (include_path='C:\\xampp\\php\\PEAR') in C:\\Users\\Yurii\\Desktop\\PHP\\register.php:75\nStack trace:\n#0 C:\\Users\\Yurii\\Desktop\\PHP\\_layout.php(37): include()\n#1 C:\\Users\\Yurii\\Desktop\\PHP\\access_manager.php(61): include('C:\\\\Users\\\\Yurii\\\\...')\n#2 {main}\n  thrown in C:\\Users\\Yurii\\Desktop\\PHP\\register.php on line 75, referer: http://ypspd111.loc/registration_form
[Sun Feb 11 22:06:03.209180 2024] [php:warn] [pid 6084:tid 1884] [client ::1:54809] PHP Warning:  include(TestController.php): Failed to open stream: No such file or directory in C:\\Users\\Yurii\\Desktop\\PHP\\register.php on line 73, referer: http://ypspd111.loc/registration_form
[Sun Feb 11 22:06:03.209180 2024] [php:warn] [pid 6084:tid 1884] [client ::1:54809] PHP Warning:  include(): Failed opening 'TestController.php' for inclusion (include_path='C:\\xampp\\php\\PEAR') in C:\\Users\\Yurii\\Desktop\\PHP\\register.php on line 73, referer: http://ypspd111.loc/registration_form
[Sun Feb 11 22:06:03.209180 2024] [php:error] [pid 6084:tid 1884] [client ::1:54809] PHP Fatal error:  Uncaught Error: Class "TestController" not found in C:\\Users\\Yurii\\Desktop\\PHP\\register.php:76\nStack trace:\n#0 C:\\Users\\Yurii\\Desktop\\PHP\\_layout.php(37): include()\n#1 C:\\Users\\Yurii\\Desktop\\PHP\\access_manager.php(61): include('C:\\\\Users\\\\Yurii\\\\...')\n#2 {main}\n  thrown in C:\\Users\\Yurii\\Desktop\\PHP\\register.php on line 76, referer: http://ypspd111.loc/registration_form
[Sun Feb 11 22:12:19.581108 2024] [php:error] [pid 6084:tid 1888] [client ::1:54816] PHP Fatal error:  Uncaught Error: Call to protected method TestController::connect_db_or_exit() from global scope in C:\\Users\\Yurii\\Desktop\\PHP\\register.php:79\nStack trace:\n#0 C:\\Users\\Yurii\\Desktop\\PHP\\_layout.php(37): include()\n#1 C:\\Users\\Yurii\\Desktop\\PHP\\access_manager.php(61): include('C:\\\\Users\\\\Yurii\\\\...')\n#2 {main}\n  thrown in C:\\Users\\Yurii\\Desktop\\PHP\\register.php on line 79, referer: http://ypspd111.loc/registration_form
[Sun Feb 11 22:18:16.950950 2024] [php:error] [pid 6084:tid 1884] [client ::1:54828] PHP Fatal error:  Uncaught Error: Call to protected method TestController::connect_db_or_exit() from global scope in C:\\Users\\Yurii\\Desktop\\PHP\\register.php:81\nStack trace:\n#0 C:\\Users\\Yurii\\Desktop\\PHP\\_layout.php(37): include()\n#1 C:\\Users\\Yurii\\Desktop\\PHP\\access_manager.php(61): include('C:\\\\Users\\\\Yurii\\\\...')\n#2 {main}\n  thrown in C:\\Users\\Yurii\\Desktop\\PHP\\register.php on line 81, referer: http://ypspd111.loc/registration_form
[Tue Feb 13 20:19:43.814634 2024] [php:warn] [pid 8672:tid 1868] [client ::1:50448] PHP Warning:  Undefined array key "login" in C:\\Users\\Yurii\\Desktop\\PHP\\controllers\\TestController.php on line 83, referer: http://ypspd111.loc/api
[Tue Feb 13 20:19:43.814634 2024] [php:warn] [pid 8672:tid 1868] [client ::1:50448] PHP Warning:  Undefined array key "hash_password" in C:\\Users\\Yurii\\Desktop\\PHP\\controllers\\TestController.php on line 84, referer: http://ypspd111.loc/api
[Tue Feb 13 20:19:43.814634 2024] [php:warn] [pid 8672:tid 1868] [client ::1:50448] PHP Warning:  Undefined array key "login" in C:\\Users\\Yurii\\Desktop\\PHP\\controllers\\TestController.php on line 83, referer: http://ypspd111.loc/api
[Tue Feb 13 20:19:43.814634 2024] [php:warn] [pid 8672:tid 1868] [client ::1:50448] PHP Warning:  Undefined array key "hash_password" in C:\\Users\\Yurii\\Desktop\\PHP\\controllers\\TestController.php on line 84, referer: http://ypspd111.loc/api
[Tue Feb 13 20:19:43.814634 2024] [php:warn] [pid 8672:tid 1868] [client ::1:50448] PHP Warning:  Undefined array key "login" in C:\\Users\\Yurii\\Desktop\\PHP\\controllers\\TestController.php on line 83, referer: http://ypspd111.loc/api
[Tue Feb 13 20:19:43.814634 2024] [php:warn] [pid 8672:tid 1868] [client ::1:50448] PHP Warning:  Undefined array key "hash_password" in C:\\Users\\Yurii\\Desktop\\PHP\\controllers\\TestController.php on line 84, referer: http://ypspd111.loc/api
[Tue Feb 13 20:26:34.246991 2024] [php:error] [pid 8672:tid 1872] [client ::1:50481] PHP Parse error:  Unclosed '{' on line 3 in C:\\Users\\Yurii\\Desktop\\PHP\\controllers\\TestController.php on line 94, referer: http://ypspd111.loc/api
[Tue Feb 13 20:57:00.272805 2024] [php:warn] [pid 8672:tid 1872] [client ::1:50569] PHP Warning:  Undefined array key "date_time" in C:\\Users\\Yurii\\Desktop\\PHP\\controllers\\TestController.php on line 96, referer: http://ypspd111.loc/api
[Tue Feb 13 20:57:00.272805 2024] [php:warn] [pid 8672:tid 1872] [client ::1:50569] PHP Warning:  Undefined array key "date_time" in C:\\Users\\Yurii\\Desktop\\PHP\\controllers\\TestController.php on line 96, referer: http://ypspd111.loc/api
[Tue Feb 13 20:57:00.272805 2024] [php:warn] [pid 8672:tid 1872] [client ::1:50569] PHP Warning:  Undefined array key "date_time" in C:\\Users\\Yurii\\Desktop\\PHP\\controllers\\TestController.php on line 96, referer: http://ypspd111.loc/api
[Tue Feb 13 22:55:18.956057 2024] [php:error] [pid 8672:tid 1860] [client ::1:51099] PHP Fatal error:  Uncaught Error: Call to undefined method PDOStatement::fetch_assoc() in C:\\Users\\Yurii\\Desktop\\PHP\\log_book.php:40\nStack trace:\n#0 C:\\Users\\Yurii\\Desktop\\PHP\\_layout.php(37): include()\n#1 C:\\Users\\Yurii\\Desktop\\PHP\\access_manager.php(62): include('C:\\\\Users\\\\Yurii\\\\...')\n#2 {main}\n  thrown in C:\\Users\\Yurii\\Desktop\\PHP\\log_book.php on line 40, referer: http://ypspd111.loc/api
[Tue Feb 13 23:09:33.115209 2024] [php:warn] [pid 8672:tid 1868] [client ::1:51182] PHP Warning:  Undefined variable $error in C:\\Users\\Yurii\\Desktop\\PHP\\log_book.php on line 58, referer: http://ypspd111.loc/api
[Tue Feb 13 23:09:33.115209 2024] [php:warn] [pid 8672:tid 1868] [client ::1:51182] PHP Warning:  Undefined property: PDO::$ in C:\\Users\\Yurii\\Desktop\\PHP\\log_book.php on line 58, referer: http://ypspd111.loc/api
[Tue Feb 13 23:16:45.414846 2024] [php:warn] [pid 8672:tid 1872] [client ::1:51206] PHP Warning:  Undefined variable $stmt in C:\\Users\\Yurii\\Desktop\\PHP\\log_book.php on line 41, referer: http://ypspd111.loc/api
[Tue Feb 13 23:16:45.414846 2024] [php:error] [pid 8672:tid 1872] [client ::1:51206] PHP Fatal error:  Uncaught Error: Call to a member function fetchAll() on null in C:\\Users\\Yurii\\Desktop\\PHP\\log_book.php:41\nStack trace:\n#0 C:\\Users\\Yurii\\Desktop\\PHP\\_layout.php(37): include()\n#1 C:\\Users\\Yurii\\Desktop\\PHP\\access_manager.php(62): include('C:\\\\Users\\\\Yurii\\\\...')\n#2 {main}\n  thrown in C:\\Users\\Yurii\\Desktop\\PHP\\log_book.php on line 41, referer: http://ypspd111.loc/api
[Wed Feb 14 20:17:45.487237 2024] [core:error] [pid 10108:tid 1872] (20024)The given path is misformatted or contained invalid characters: [client ::1:51086] AH00127: Cannot map GET /wwwroot/img/%22.$row[%22avatar%22].%22 HTTP/1.1 to file, referer: http://ypspd111.loc/log_book
[Wed Feb 14 20:27:08.760053 2024] [php:warn] [pid 10108:tid 1884] [client ::1:51144] PHP Warning:  Undefined variable $path in C:\\Users\\Yurii\\Desktop\\PHP\\log_book.php on line 52, referer: http://ypspd111.loc/api
[Wed Feb 14 20:27:08.760053 2024] [php:warn] [pid 10108:tid 1884] [client ::1:51144] PHP Warning:  Undefined variable $path in C:\\Users\\Yurii\\Desktop\\PHP\\log_book.php on line 54, referer: http://ypspd111.loc/api
[Wed Feb 14 20:27:08.760053 2024] [php:warn] [pid 10108:tid 1884] [client ::1:51144] PHP Warning:  Undefined variable $path in C:\\Users\\Yurii\\Desktop\\PHP\\log_book.php on line 52, referer: http://ypspd111.loc/api
[Wed Feb 14 20:27:08.760053 2024] [php:warn] [pid 10108:tid 1884] [client ::1:51144] PHP Warning:  Undefined variable $path in C:\\Users\\Yurii\\Desktop\\PHP\\log_book.php on line 54, referer: http://ypspd111.loc/api
[Wed Feb 14 20:27:08.760053 2024] [php:warn] [pid 10108:tid 1884] [client ::1:51144] PHP Warning:  Undefined variable $path in C:\\Users\\Yurii\\Desktop\\PHP\\log_book.php on line 52, referer: http://ypspd111.loc/api
[Wed Feb 14 20:27:08.760886 2024] [php:warn] [pid 10108:tid 1884] [client ::1:51144] PHP Warning:  Undefined variable $path in C:\\Users\\Yurii\\Desktop\\PHP\\log_book.php on line 54, referer: http://ypspd111.loc/api
[Wed Feb 14 20:38:31.178493 2024] [php:warn] [pid 10108:tid 1892] [client ::1:51262] PHP Warning:  Undefined variable $path in C:\\Users\\Yurii\\Desktop\\PHP\\log_book.php on line 52, referer: http://ypspd111.loc/api
[Wed Feb 14 20:38:31.178493 2024] [php:warn] [pid 10108:tid 1892] [client ::1:51262] PHP Warning:  Undefined variable $path in C:\\Users\\Yurii\\Desktop\\PHP\\log_book.php on line 54, referer: http://ypspd111.loc/api
[Wed Feb 14 20:38:31.178493 2024] [php:warn] [pid 10108:tid 1892] [client ::1:51262] PHP Warning:  Undefined variable $path in C:\\Users\\Yurii\\Desktop\\PHP\\log_book.php on line 52, referer: http://ypspd111.loc/api
[Wed Feb 14 20:38:31.178493 2024] [php:warn] [pid 10108:tid 1892] [client ::1:51262] PHP Warning:  Undefined variable $path in C:\\Users\\Yurii\\Desktop\\PHP\\log_book.php on line 54, referer: http://ypspd111.loc/api
[Wed Feb 14 20:38:31.178493 2024] [php:warn] [pid 10108:tid 1892] [client ::1:51262] PHP Warning:  Undefined variable $path in C:\\Users\\Yurii\\Desktop\\PHP\\log_book.php on line 52, referer: http://ypspd111.loc/api
[Wed Feb 14 20:38:31.178493 2024] [php:warn] [pid 10108:tid 1892] [client ::1:51262] PHP Warning:  Undefined variable $path in C:\\Users\\Yurii\\Desktop\\PHP\\log_book.php on line 54, referer: http://ypspd111.loc/api
[Wed Feb 14 20:54:33.913330 2024] [php:warn] [pid 10108:tid 1872] [client ::1:51387] PHP Warning:  Undefined variable $path in C:\\Users\\Yurii\\Desktop\\PHP\\log_book.php on line 52, referer: http://ypspd111.loc/api
[Wed Feb 14 20:54:33.913330 2024] [php:warn] [pid 10108:tid 1872] [client ::1:51387] PHP Warning:  Undefined variable $path in C:\\Users\\Yurii\\Desktop\\PHP\\log_book.php on line 54, referer: http://ypspd111.loc/api
[Wed Feb 14 20:54:33.913330 2024] [php:warn] [pid 10108:tid 1872] [client ::1:51387] PHP Warning:  Undefined variable $path in C:\\Users\\Yurii\\Desktop\\PHP\\log_book.php on line 52, referer: http://ypspd111.loc/api
[Wed Feb 14 20:54:33.913330 2024] [php:warn] [pid 10108:tid 1872] [client ::1:51387] PHP Warning:  Undefined variable $path in C:\\Users\\Yurii\\Desktop\\PHP\\log_book.php on line 54, referer: http://ypspd111.loc/api
[Wed Feb 14 20:54:33.913330 2024] [php:warn] [pid 10108:tid 1872] [client ::1:51387] PHP Warning:  Undefined variable $path in C:\\Users\\Yurii\\Desktop\\PHP\\log_book.php on line 52, referer: http://ypspd111.loc/api
[Wed Feb 14 20:54:33.913330 2024] [php:warn] [pid 10108:tid 1872] [client ::1:51387] PHP Warning:  Undefined variable $path in C:\\Users\\Yurii\\Desktop\\PHP\\log_book.php on line 54, referer: http://ypspd111.loc/api
[Wed Feb 14 20:54:40.579622 2024] [php:warn] [pid 10108:tid 1872] [client ::1:51393] PHP Warning:  Undefined variable $path in C:\\Users\\Yurii\\Desktop\\PHP\\log_book.php on line 52, referer: http://ypspd111.loc/api
[Wed Feb 14 20:54:40.579622 2024] [php:warn] [pid 10108:tid 1872] [client ::1:51393] PHP Warning:  Undefined variable $path in C:\\Users\\Yurii\\Desktop\\PHP\\log_book.php on line 54, referer: http://ypspd111.loc/api
[Wed Feb 14 20:54:40.579622 2024] [php:warn] [pid 10108:tid 1872] [client ::1:51393] PHP Warning:  Undefined variable $path in C:\\Users\\Yurii\\Desktop\\PHP\\log_book.php on line 52, referer: http://ypspd111.loc/api
[Wed Feb 14 20:54:40.579622 2024] [php:warn] [pid 10108:tid 1872] [client ::1:51393] PHP Warning:  Undefined variable $path in C:\\Users\\Yurii\\Desktop\\PHP\\log_book.php on line 54, referer: http://ypspd111.loc/api
[Wed Feb 14 20:54:40.580406 2024] [php:warn] [pid 10108:tid 1872] [client ::1:51393] PHP Warning:  Undefined variable $path in C:\\Users\\Yurii\\Desktop\\PHP\\log_book.php on line 52, referer: http://ypspd111.loc/api
[Wed Feb 14 20:54:40.580406 2024] [php:warn] [pid 10108:tid 1872] [client ::1:51393] PHP Warning:  Undefined variable $path in C:\\Users\\Yurii\\Desktop\\PHP\\log_book.php on line 54, referer: http://ypspd111.loc/api
[Wed Feb 14 20:56:01.365467 2024] [core:error] [pid 10108:tid 1884] (20024)The given path is misformatted or contained invalid characters: [client ::1:51397] AH00127: Cannot map GET /wwwroot/img/%22.$row[%22avatar%22].%22 HTTP/1.1 to file, referer: http://ypspd111.loc/log_book
[Thu Feb 15 21:39:09.061169 2024] [php:warn] [pid 9468:tid 1884] [client ::1:51308] PHP Warning:  include(modal_form.php/#modal1): Failed to open stream: No such file or directory in C:\\Users\\Yurii\\Desktop\\PHP\\_layout.php on line 39, referer: http://ypspd111.loc/registration_form
[Thu Feb 15 21:39:09.061169 2024] [php:warn] [pid 9468:tid 1884] [client ::1:51308] PHP Warning:  include(): Failed opening 'modal_form.php/#modal1' for inclusion (include_path='C:\\xampp\\php\\PEAR') in C:\\Users\\Yurii\\Desktop\\PHP\\_layout.php on line 39, referer: http://ypspd111.loc/registration_form
[Fri Feb 16 19:42:46.938780 2024] [php:warn] [pid 4360:tid 1884] [client ::1:50615] PHP Warning:  Undefined array key "name" in C:\\Users\\Yurii\\Desktop\\PHP\\register.php on line 86, referer: http://ypspd111.loc/modal_form
[Fri Feb 16 19:42:46.987328 2024] [php:warn] [pid 4360:tid 1884] [client ::1:50615] PHP Warning:  Undefined array key "avatar" in C:\\Users\\Yurii\\Desktop\\PHP\\register.php on line 91, referer: http://ypspd111.loc/modal_form
[Fri Feb 16 20:04:19.773792 2024] [php:warn] [pid 4360:tid 1892] [client ::1:50696] PHP Warning:  Undefined array key "name" in C:\\Users\\Yurii\\Desktop\\PHP\\register.php on line 86, referer: http://ypspd111.loc/modal_form
[Fri Feb 16 20:04:19.817622 2024] [php:warn] [pid 4360:tid 1892] [client ::1:50696] PHP Warning:  Undefined array key "avatar" in C:\\Users\\Yurii\\Desktop\\PHP\\register.php on line 91, referer: http://ypspd111.loc/modal_form
[Fri Feb 16 20:13:56.305819 2024] [php:warn] [pid 4360:tid 1876] [client ::1:50725] PHP Warning:  Undefined array key "name" in C:\\Users\\Yurii\\Desktop\\PHP\\register.php on line 86, referer: http://ypspd111.loc/modal_form
[Fri Feb 16 20:13:56.356741 2024] [php:warn] [pid 4360:tid 1876] [client ::1:50725] PHP Warning:  Undefined array key "avatar" in C:\\Users\\Yurii\\Desktop\\PHP\\register.php on line 91, referer: http://ypspd111.loc/modal_form
[Fri Feb 16 20:15:55.375866 2024] [php:warn] [pid 4360:tid 1868] [client ::1:50759] PHP Warning:  Undefined array key "name" in C:\\Users\\Yurii\\Desktop\\PHP\\register.php on line 86, referer: http://ypspd111.loc/modal_form
[Fri Feb 16 20:15:55.424720 2024] [php:warn] [pid 4360:tid 1868] [client ::1:50759] PHP Warning:  Undefined array key "avatar" in C:\\Users\\Yurii\\Desktop\\PHP\\register.php on line 91, referer: http://ypspd111.loc/modal_form
[Fri Feb 16 20:23:47.996456 2024] [php:warn] [pid 4360:tid 1868] [client ::1:50803] PHP Warning:  Undefined array key "name" in C:\\Users\\Yurii\\Desktop\\PHP\\register.php on line 86, referer: http://ypspd111.loc/modal_form
[Fri Feb 16 20:23:48.046560 2024] [php:warn] [pid 4360:tid 1868] [client ::1:50803] PHP Warning:  Undefined array key "avatar" in C:\\Users\\Yurii\\Desktop\\PHP\\register.php on line 91, referer: http://ypspd111.loc/modal_form
[Fri Feb 16 20:25:04.281502 2024] [php:warn] [pid 4360:tid 1852] [client ::1:50812] PHP Warning:  Undefined array key "name" in C:\\Users\\Yurii\\Desktop\\PHP\\register.php on line 86, referer: http://ypspd111.loc/modal_form
[Fri Feb 16 20:25:04.330756 2024] [php:warn] [pid 4360:tid 1852] [client ::1:50812] PHP Warning:  Undefined array key "avatar" in C:\\Users\\Yurii\\Desktop\\PHP\\register.php on line 91, referer: http://ypspd111.loc/modal_form
[Fri Feb 16 20:45:53.510397 2024] [php:warn] [pid 4360:tid 1852] [client ::1:50872] PHP Warning:  Undefined array key "name" in C:\\Users\\Yurii\\Desktop\\PHP\\register.php on line 86, referer: http://ypspd111.loc/modal_form
[Fri Feb 16 20:45:53.560402 2024] [php:warn] [pid 4360:tid 1852] [client ::1:50872] PHP Warning:  Undefined array key "avatar" in C:\\Users\\Yurii\\Desktop\\PHP\\register.php on line 91, referer: http://ypspd111.loc/modal_form
[Fri Feb 16 20:49:08.362168 2024] [php:warn] [pid 4360:tid 1852] [client ::1:50913] PHP Warning:  Undefined array key "name" in C:\\Users\\Yurii\\Desktop\\PHP\\register.php on line 86, referer: http://ypspd111.loc/modal_form
[Fri Feb 16 20:49:08.412154 2024] [php:warn] [pid 4360:tid 1852] [client ::1:50913] PHP Warning:  Undefined array key "avatar" in C:\\Users\\Yurii\\Desktop\\PHP\\register.php on line 91, referer: http://ypspd111.loc/modal_form
[Fri Feb 16 20:49:41.129433 2024] [php:warn] [pid 4360:tid 1852] [client ::1:50922] PHP Warning:  Undefined array key "name" in C:\\Users\\Yurii\\Desktop\\PHP\\register.php on line 86, referer: http://ypspd111.loc/modal_form
[Fri Feb 16 20:49:41.179031 2024] [php:warn] [pid 4360:tid 1852] [client ::1:50922] PHP Warning:  Undefined array key "avatar" in C:\\Users\\Yurii\\Desktop\\PHP\\register.php on line 91, referer: http://ypspd111.loc/modal_form
[Fri Feb 16 21:04:30.507818 2024] [php:warn] [pid 4360:tid 1852] [client ::1:50977] PHP Warning:  Undefined array key "name" in C:\\Users\\Yurii\\Desktop\\PHP\\register.php on line 86, referer: http://ypspd111.loc/modal_form
[Fri Feb 16 21:04:30.555150 2024] [php:warn] [pid 4360:tid 1852] [client ::1:50977] PHP Warning:  Undefined array key "avatar" in C:\\Users\\Yurii\\Desktop\\PHP\\register.php on line 91, referer: http://ypspd111.loc/modal_form
[Fri Feb 16 21:08:34.307411 2024] [php:warn] [pid 4360:tid 1868] [client ::1:51007] PHP Warning:  Undefined array key "name" in C:\\Users\\Yurii\\Desktop\\PHP\\register.php on line 86, referer: http://ypspd111.loc/modal_form
[Fri Feb 16 21:08:34.364072 2024] [php:warn] [pid 4360:tid 1868] [client ::1:51007] PHP Warning:  Undefined array key "avatar" in C:\\Users\\Yurii\\Desktop\\PHP\\register.php on line 91, referer: http://ypspd111.loc/modal_form
